URL: https://www.gsmarena.com/makers.php3
Total Page: 1
Brand: Acer : URL: https://www.gsmarena.com/acer-phones-59.php
Brand Page: 1
Total Page: 2
Brand: Google : URL: https://www.gsmarena.com/google-phones-107.php
Brand Page: 1
Total Page: 3
Next Page not found
Brand: Garmin-Asus : URL: https://www.gsmarena.com/garmin_asus-phones-65.php
Brand Page: 1
Total Page: 4
Next Page not found
Brand: Gigabyte : URL: https://www.gsmarena.com/gigabyte-phones-47.php
Brand Page: 1
Total Page: 5
Brand: Eten : URL: https://www.gsmarena.com/eten-phones-40.php
Brand Page: 1
Total Page: 6
Brand: Fujitsu Siemens : URL: https://www.gsmarena.com/fujitsu_siemens-phones-50.php
Brand Page: 1
Total Page: 7
Next Page not found
Brand: Haier : URL: https://www.gsmarena.com/haier-phones-33.php
Brand Page: 1
Total Page: 8
Brand: Gionee : URL: https://www.gsmarena.com/gionee-phones-92.php
Brand Page: 1
Total Page: 9
Brand: Energizer : URL: https://www.gsmarena.com/energizer-phones-106.php
Brand Page: 1
Total Page: 10
Brand: Emporia : URL: https://www.gsmarena.com/emporia-phones-93.php
Brand Page: 1
Total Page: 11
Next Page not found
Brand: Ericsson : URL: https://www.gsmarena.com/ericsson-phones-2.php
Brand Page: 1
Total Page: 12
Next Page not found
Brand: Dell : URL: https://www.gsmarena.com/dell-phones-61.php
Brand Page: 1
Total Page: 13
Next Page not found
Brand: Coolpad : URL: https://www.gsmarena.com/coolpad-phones-105.php
Brand Page: 1
Total Page: 14
Next Page not found
Brand: Chea : URL: https://www.gsmarena.com/chea-phones-24.php
Brand Page: 1
Total Page: 15
Next Page not found
Brand: Cat : URL: https://www.gsmarena.com/cat-phones-89.php
Brand Page: 1
Total Page: 16
Next Page not found
Brand: Celkon : URL: https://www.gsmarena.com/celkon-phones-75.php
Brand Page: 1
Total Page: 17
Brand: ZTE : URL: https://www.gsmarena.com/zte-phones-62.php
Brand Page: 1
Total Page: 18
Brand: YU : URL: https://www.gsmarena.com/yu-phones-100.php
Brand Page: 1
Total Page: 19
Next Page not found
Brand: Yezz : URL: https://www.gsmarena.com/yezz-phones-78.php
Brand Page: 1
Total Page: 20
Brand: Yota : URL: https://www.gsmarena.com/yota-phones-99.php
Brand Page: 1
Total Page: 21
Next Page not found
Brand: XOLO : URL: https://www.gsmarena.com/xolo-phones-85.php
Brand Page: 1
Total Page: 22
Brand: Acer : URL: https://www.gsmarena.com/acer-phones-f-59-0-p2.php
Brand Page: 2
Total Page: 23

Model: Iconia Tab 10 A3-A30
Total Page: 24

Model: Liquid Z530S
Total Page: 25
Brand: Gionee : URL: https://www.gsmarena.com/gionee-phones-f-92-0-p2.php
Brand Page: 2
Total Page: 26

Model: S10C
Total Page: 27

Model: A1 Plus
Total Page: 28

Model: P7
Total Page: 29

Model: S10B
Total Page: 30

Model: M6s Plus
Total Page: 31

Model: 178
Total Page: 32

Model: S10
Total Page: 33
Brand: Celkon : URL: https://www.gsmarena.com/celkon-phones-f-75-0-p2.php
Brand Page: 2
Total Page: 34
Brand: Yezz : URL: https://www.gsmarena.com/yezz-phones-f-78-0-p2.php
Brand Page: 2
Total Page: 35
Brand: XOLO : URL: https://www.gsmarena.com/xolo-phones-f-85-0-p2.php
Brand Page: 2
Total Page: 36

Model: A359
Total Page: 37

Model: A355
Total Page: 38

Model: Campus Buddy A404
Total Page: 39
Brand: Acer : URL: https://www.gsmarena.com/acer-phones-f-59-0-p3.php
Brand Page: 3
Total Page: 40

Model: Millennia OCTA510
Total Page: 41
Brand: ZTE : URL: https://www.gsmarena.com/zte-phones-f-62-0-p2.php
Brand Page: 2
Total Page: 42

Model: S96
Total Page: 43

Model: L800
Total Page: 44

Model: Pioneer P2M
Total Page: 45

Model: Pioneer P4S
Total Page: 46

Model: Elife S7
Total Page: 47

Model: Pioneer P3S
Total Page: 48

Model: Pioneer P2S
Total Page: 49

Model: Marathon M5
Total Page: 50
Brand: Celkon : URL: https://www.gsmarena.com/celkon-phones-f-75-0-p3.php
Brand Page: 3
Total Page: 51

Model: C348+
Total Page: 52
Brand: Yezz : URL: https://www.gsmarena.com/yezz-phones-f-78-0-p3.php
Brand Page: 3
Total Page: 53

Model: C366
Total Page: 54

Model: C619
Total Page: 55

Model: C51
Total Page: 56

Model: C340
Total Page: 57
Brand: ZTE : URL: https://www.gsmarena.com/zte-phones-f-62-0-p3.php
Brand Page: 3
Total Page: 58

Model: C6 Star
Total Page: 59

Model: C44 Duos
Total Page: 60

Model: C9 Jumbo
Total Page: 61

Model: C7 Jumbo
Total Page: 62

Model: A125
Total Page: 63

Model: C5055
Total Page: 64

Model: C7010
Total Page: 65

Model: A35k
Total Page: 66

Model: Marathon M4
Total Page: 67

Model: Q3000
Total Page: 68
Brand: Celkon : URL: https://www.gsmarena.com/celkon-phones-f-75-0-p4.php
Brand Page: 4
Total Page: 69

Model: S5.1 Pro
Total Page: 70

Model: A407
Total Page: 71

Model: A518
Total Page: 72

Model: Q405
Total Page: 73
Brand: ZTE : URL: https://www.gsmarena.com/zte-phones-f-62-0-p4.php
Brand Page: 4
Total Page: 74

Model: Q450
Total Page: 75

Model: Q519
Total Page: 76

Model: Q54+
Total Page: 77

Model: A402
Total Page: 78

Model: Q452
Total Page: 79

Model: Q3K Power
Total Page: 80

Model: Q5K Power
Total Page: 81

Model: A35k Remote
Total Page: 82

Model: 2GB Xpress
Total Page: 83
Brand: Celkon : URL: https://www.gsmarena.com/celkon-phones-f-75-0-p5.php
Brand Page: 5
Total Page: 84

Model: Millennia Hero
Total Page: 85

Model: Q455L
Total Page: 86

Model: Millennia Xplore
Total Page: 87

Model: Campus Prime
Total Page: 88

Model: Millennia Everest
Total Page: 89

Model: A403
Total Page: 90

Model: 188
Total Page: 91
Brand: ZTE : URL: https://www.gsmarena.com/zte-phones-f-62-0-p5.php
Brand Page: 5
Total Page: 92

Model: 318
Total Page: 93

Model: 328
Total Page: 94

Model: 198
Total Page: 95

Model: 218
Total Page: 96

Model: 308
Total Page: 97

Model: 208
Total Page: 98

Model: 228
Total Page: 99

Model: JMS-110
Total Page: 100
Brand: Energizer : URL: https://www.gsmarena.com/energizer-phones-f-106-0-p2.php
Brand Page: 2
Total Page: 101
Brand: Celkon : URL: https://www.gsmarena.com/celkon-phones-f-75-0-p6.php
Brand Page: 6
Total Page: 102

Model: X1
Total Page: 103

Model: P8 Max
Total Page: 104

Model: A1 Lite
Total Page: 105

Model: X1s
Total Page: 106

Model: A90
Total Page: 107
