URL: https://www.gsmarena.com/makers.php3
Total Page: 1
Brand: Acer : URL: https://www.gsmarena.com/acer-phones-59.php
Brand Page: 1
Total Page: 2
Brand: Asus : URL: https://www.gsmarena.com/asus-phones-46.php
Brand Page: 1
Total Page: 3
Brand: Apple : URL: https://www.gsmarena.com/apple-phones-48.php
Brand Page: 1
Total Page: 4
Brand: BlackBerry : URL: https://www.gsmarena.com/blackberry-phones-36.php
Brand Page: 1
Total Page: 5
Brand: Blackview : URL: https://www.gsmarena.com/blackview-phones-116.php
Brand Page: 1
Total Page: 6
Next Page not found
Brand: Ericsson : URL: https://www.gsmarena.com/ericsson-phones-2.php
Brand Page: 1
Total Page: 7
Next Page not found
Brand: Fujitsu Siemens : URL: https://www.gsmarena.com/fujitsu_siemens-phones-50.php
Brand Page: 1
Total Page: 8
Next Page not found
Brand: MWg : URL: https://www.gsmarena.com/mwg-phones-56.php
Brand Page: 1
Total Page: 9
Next Page not found
Brand: Bird : URL: https://www.gsmarena.com/bird-phones-34.php
Brand Page: 1
Total Page: 10
Brand: Cat : URL: https://www.gsmarena.com/cat-phones-89.php
Brand Page: 1
Total Page: 11
Next Page not found
Brand: Garmin-Asus : URL: https://www.gsmarena.com/garmin_asus-phones-65.php
Brand Page: 1
Total Page: 12
Next Page not found
Brand: BenQ-Siemens : URL: https://www.gsmarena.com/benq_siemens-phones-42.php
Brand Page: 1
Total Page: 13
Next Page not found
Brand: AT&T : URL: https://www.gsmarena.com/at&t-phones-57.php
Brand Page: 1
Total Page: 14
Next Page not found
Brand: BLU : URL: https://www.gsmarena.com/blu-phones-67.php
Brand Page: 1
Total Page: 15
Brand: BenQ : URL: https://www.gsmarena.com/benq-phones-31.php
Brand Page: 1
Total Page: 16
Brand: Gigabyte : URL: https://www.gsmarena.com/gigabyte-phones-47.php
Brand Page: 1
Total Page: 17
Brand: Chea : URL: https://www.gsmarena.com/chea-phones-24.php
Brand Page: 1
Total Page: 18
Next Page not found
Brand: Celkon : URL: https://www.gsmarena.com/celkon-phones-75.php
Brand Page: 1
Total Page: 19
Brand: Archos : URL: https://www.gsmarena.com/archos-phones-90.php
Brand Page: 1
Total Page: 20
Brand: Energizer : URL: https://www.gsmarena.com/energizer-phones-106.php
Brand Page: 1
Total Page: 21
Brand: Benefon : URL: https://www.gsmarena.com/benefon-phones-15.php
Brand Page: 1
Total Page: 22
Next Page not found
Brand: Emporia : URL: https://www.gsmarena.com/emporia-phones-93.php
Brand Page: 1
Total Page: 23
Next Page not found
Brand: Meizu : URL: https://www.gsmarena.com/meizu-phones-74.php
Brand Page: 1
Total Page: 24
Brand: Allview : URL: https://www.gsmarena.com/allview-phones-88.php
Brand Page: 1
Total Page: 25
Brand: Amazon : URL: https://www.gsmarena.com/amazon-phones-76.php
Brand Page: 1
Total Page: 26
Next Page not found
Brand: Maxwest : URL: https://www.gsmarena.com/maxwest-phones-87.php
Brand Page: 1
Total Page: 27
Brand: Microsoft : URL: https://www.gsmarena.com/microsoft-phones-64.php
Brand Page: 1
Total Page: 28
Next Page not found
Brand: Bosch : URL: https://www.gsmarena.com/bosch-phones-10.php
Brand Page: 1
Total Page: 29
Next Page not found
Brand: Eten : URL: https://www.gsmarena.com/eten-phones-40.php
Brand Page: 1
Total Page: 30
Brand: Casio : URL: https://www.gsmarena.com/casio-phones-77.php
Brand Page: 1
Total Page: 31
Next Page not found
Brand: Dell : URL: https://www.gsmarena.com/dell-phones-61.php
Brand Page: 1
Total Page: 32
Next Page not found
Brand: Mitac : URL: https://www.gsmarena.com/mitac-phones-25.php
Brand Page: 1
Total Page: 33
Next Page not found
Brand: BQ : URL: https://www.gsmarena.com/bq-phones-108.php
Brand Page: 1
Total Page: 34
Next Page not found
Brand: Coolpad : URL: https://www.gsmarena.com/coolpad-phones-105.php
Brand Page: 1
Total Page: 35
Next Page not found
Brand: Amoi : URL: https://www.gsmarena.com/amoi-phones-28.php
Brand Page: 1
Total Page: 36
Brand: Mitsubishi : URL: https://www.gsmarena.com/mitsubishi-phones-8.php
Brand Page: 1
Total Page: 37
Brand: Micromax : URL: https://www.gsmarena.com/micromax-phones-66.php
Brand Page: 1
Total Page: 38
Brand: Modu : URL: https://www.gsmarena.com/modu-phones-63.php
Brand Page: 1
Total Page: 39
Next Page not found
Brand: Motorola : URL: https://www.gsmarena.com/motorola-phones-4.php
Brand Page: 1
Total Page: 40
Brand: alcatel : URL: https://www.gsmarena.com/alcatel-phones-5.php
Brand Page: 1
Total Page: 41
Brand: Maxon : URL: https://www.gsmarena.com/maxon-phones-14.php
Brand Page: 1
Total Page: 42
Brand: Lenovo : URL: https://www.gsmarena.com/lenovo-phones-73.php
Brand Page: 1
Total Page: 43
Brand: LG : URL: https://www.gsmarena.com/lg-phones-20.php
Brand Page: 1
Total Page: 44
Brand: Intex : URL: https://www.gsmarena.com/intex-phones-102.php
Brand Page: 1
Total Page: 45
Next Page not found
Brand: Kyocera : URL: https://www.gsmarena.com/kyocera-phones-17.php
Brand Page: 1
Total Page: 46
Next Page not found
Brand: iNQ : URL: https://www.gsmarena.com/inq-phones-60.php
Brand Page: 1
Total Page: 47
Next Page not found
Brand: LeEco : URL: https://www.gsmarena.com/leeco-phones-109.php
Brand Page: 1
Total Page: 48
Next Page not found
Brand: Lava : URL: https://www.gsmarena.com/lava-phones-94.php
Brand Page: 1
Total Page: 49
Brand: Jolla : URL: https://www.gsmarena.com/jolla-phones-84.php
Brand Page: 1
Total Page: 50
Next Page not found
Brand: Karbonn : URL: https://www.gsmarena.com/karbonn-phones-83.php
Brand Page: 1
Total Page: 51
Brand: Huawei : URL: https://www.gsmarena.com/huawei-phones-58.php
Brand Page: 1
Total Page: 52
Brand: Honor : URL: https://www.gsmarena.com/honor-phones-121.php
Brand Page: 1
Total Page: 53
Brand: Prestigio : URL: https://www.gsmarena.com/prestigio-phones-86.php
Brand Page: 1
Total Page: 54
Brand: Sony : URL: https://www.gsmarena.com/sony-phones-7.php
Brand Page: 1
Total Page: 55
Brand: Gionee : URL: https://www.gsmarena.com/gionee-phones-92.php
Brand Page: 1
Total Page: 56
Brand: HTC : URL: https://www.gsmarena.com/htc-phones-45.php
Brand Page: 1
Total Page: 57
Brand: i-mobile : URL: https://www.gsmarena.com/i_mobile-phones-52.php
Brand Page: 1
Total Page: 58
Next Page not found
Brand: Posh : URL: https://www.gsmarena.com/posh-phones-101.php
Brand Page: 1
Total Page: 59
Next Page not found
Brand: i-mate : URL: https://www.gsmarena.com/i_mate-phones-35.php
Brand Page: 1
Total Page: 60
Next Page not found
Brand: Sagem : URL: https://www.gsmarena.com/sagem-phones-13.php
Brand Page: 1
Total Page: 61
Brand: Haier : URL: https://www.gsmarena.com/haier-phones-33.php
Brand Page: 1
Total Page: 62
Brand: Plum : URL: https://www.gsmarena.com/plum-phones-72.php
Brand Page: 1
Total Page: 63
Brand: Infinix : URL: https://www.gsmarena.com/infinix-phones-119.php
Brand Page: 1
Total Page: 64
Brand: HP : URL: https://www.gsmarena.com/hp-phones-41.php
Brand Page: 1
Total Page: 65
Brand: Innostream : URL: https://www.gsmarena.com/innostream-phones-29.php
Brand Page: 1
Total Page: 66
Next Page not found
Brand: Realme : URL: https://www.gsmarena.com/realme-phones-118.php
Brand Page: 1
Total Page: 67
Next Page not found
Brand: Google : URL: https://www.gsmarena.com/google-phones-107.php
Brand Page: 1
Total Page: 68
Next Page not found
Brand: Razer : URL: https://www.gsmarena.com/razer-phones-117.php
Brand Page: 1
Total Page: 69
Next Page not found
Brand: Sony Ericsson : URL: https://www.gsmarena.com/sony_ericsson-phones-19.php
Brand Page: 1
Total Page: 70
Brand: Siemens : URL: https://www.gsmarena.com/siemens-phones-3.php
Brand Page: 1
Total Page: 71
Brand: Qtek : URL: https://www.gsmarena.com/qtek-phones-38.php
Brand Page: 1
Total Page: 72
Next Page not found
Brand: QMobile : URL: https://www.gsmarena.com/qmobile-phones-103.php
Brand Page: 1
Total Page: 73
Brand: Philips : URL: https://www.gsmarena.com/philips-phones-11.php
Brand Page: 1
Total Page: 74
Brand: Sewon : URL: https://www.gsmarena.com/sewon-phones-26.php
Brand Page: 1
Total Page: 75
Brand: Sonim : URL: https://www.gsmarena.com/sonim-phones-54.php
Brand Page: 1
Total Page: 76
Next Page not found
Brand: Sharp : URL: https://www.gsmarena.com/sharp-phones-23.php
Brand Page: 1
Total Page: 77
Brand: Sendo : URL: https://www.gsmarena.com/sendo-phones-18.php
Brand Page: 1
Total Page: 78
Next Page not found
Brand: Spice : URL: https://www.gsmarena.com/spice-phones-68.php
Brand Page: 1
Total Page: 79
Brand: Icemobile : URL: https://www.gsmarena.com/icemobile-phones-69.php
Brand Page: 1
Total Page: 80
Brand: Samsung : URL: https://www.gsmarena.com/samsung-phones-9.php
Brand Page: 1
Total Page: 81
Brand: Parla : URL: https://www.gsmarena.com/parla-phones-81.php
Brand Page: 1
Total Page: 82
Next Page not found
Brand: Pantech : URL: https://www.gsmarena.com/pantech-phones-32.php
Brand Page: 1
Total Page: 83
Brand: Panasonic : URL: https://www.gsmarena.com/panasonic-phones-6.php
Brand Page: 1
Total Page: 84
Brand: Palm : URL: https://www.gsmarena.com/palm-phones-27.php
Brand Page: 1
Total Page: 85
Brand: OnePlus : URL: https://www.gsmarena.com/oneplus-phones-95.php
Brand Page: 1
Total Page: 86
Next Page not found
Brand: Oppo : URL: https://www.gsmarena.com/oppo-phones-82.php
Brand Page: 1
Total Page: 87
Brand: Orange : URL: https://www.gsmarena.com/orange-phones-71.php
Brand Page: 1
Total Page: 88
Next Page not found
Brand: Nvidia : URL: https://www.gsmarena.com/nvidia-phones-97.php
Brand Page: 1
Total Page: 89
Next Page not found
Brand: Yota : URL: https://www.gsmarena.com/yota-phones-99.php
Brand Page: 1
Total Page: 90
Next Page not found
Brand: XCute : URL: https://www.gsmarena.com/xcute-phones-43.php
Brand Page: 1
Total Page: 91
Next Page not found
Brand: Neonode : URL: https://www.gsmarena.com/neonode-phones-22.php
Brand Page: 1
Total Page: 92
Next Page not found
Brand: Nokia : URL: https://www.gsmarena.com/nokia-phones-1.php
Brand Page: 1
Total Page: 93
Brand: O2 : URL: https://www.gsmarena.com/o2-phones-30.php
Brand Page: 1
Total Page: 94
Brand: NIU : URL: https://www.gsmarena.com/niu-phones-79.php
Brand Page: 1
Total Page: 95
Next Page not found
Brand: Yezz : URL: https://www.gsmarena.com/yezz-phones-78.php
Brand Page: 1
Total Page: 96
Brand: ZTE : URL: https://www.gsmarena.com/zte-phones-62.php
Brand Page: 1
Total Page: 97
Brand: YU : URL: https://www.gsmarena.com/yu-phones-100.php
Brand Page: 1
Total Page: 98
Next Page not found
Brand: Xiaomi : URL: https://www.gsmarena.com/xiaomi-phones-80.php
Brand Page: 1
Total Page: 99
Brand: XOLO : URL: https://www.gsmarena.com/xolo-phones-85.php
Brand Page: 1
Total Page: 100
Brand: NEC : URL: https://www.gsmarena.com/nec-phones-12.php
Brand Page: 1
Total Page: 101
Brand: WND : URL: https://www.gsmarena.com/wnd-phones-51.php
Brand Page: 1
Total Page: 102
Next Page not found
Brand: Vodafone : URL: https://www.gsmarena.com/vodafone-phones-53.php
Brand Page: 1
Total Page: 103
Brand: TECNO : URL: https://www.gsmarena.com/tecno-phones-120.php
Brand Page: 1
Total Page: 104
Brand: BlackBerry : URL: https://www.gsmarena.com/blackberry-phones-f-36-0-p2.php
Brand Page: 2
Total Page: 105
Brand: VK Mobile : URL: https://www.gsmarena.com/vk_mobile-phones-37.php
Brand Page: 1
Total Page: 106
Next Page not found
Brand: Thuraya : URL: https://www.gsmarena.com/thuraya-phones-49.php
Brand Page: 1
Total Page: 107
Next Page not found
Brand: TCL : URL: https://www.gsmarena.com/tcl-phones-123.php
Brand Page: 1
Total Page: 108
Next Page not found
Brand: Unnecto : URL: https://www.gsmarena.com/unnecto-phones-91.php
Brand Page: 1
Total Page: 109
Next Page not found
Brand: vivo : URL: https://www.gsmarena.com/vivo-phones-98.php
Brand Page: 1
Total Page: 110
Brand: Telit : URL: https://www.gsmarena.com/telit-phones-16.php
Brand Page: 1
Total Page: 111
Next Page not found
Brand: Toshiba : URL: https://www.gsmarena.com/toshiba-phones-44.php
Brand Page: 1
Total Page: 112
Next Page not found
Brand: Tel.Me. : URL: https://www.gsmarena.com/tel_me_-phones-21.php
Brand Page: 1
Total Page: 113
Next Page not found
Brand: verykool : URL: https://www.gsmarena.com/verykool-phones-70.php
Brand Page: 1
Total Page: 114
Brand: Vertu : URL: https://www.gsmarena.com/vertu-phones-39.php
Brand Page: 1
Total Page: 115
Next Page not found
Brand: Ulefone : URL: https://www.gsmarena.com/ulefone-phones-124.php
Brand Page: 1
Total Page: 116
Next Page not found
Brand: Wiko : URL: https://www.gsmarena.com/wiko-phones-96.php
Brand Page: 1
Total Page: 117
Brand: Asus : URL: https://www.gsmarena.com/asus-phones-f-46-0-p2.php
Brand Page: 2
Total Page: 118
Brand: T-Mobile : URL: https://www.gsmarena.com/t_mobile-phones-55.php
Brand Page: 1
Total Page: 119
Brand: Acer : URL: https://www.gsmarena.com/acer-phones-f-59-0-p2.php
Brand Page: 2
Total Page: 120
Brand: Apple : URL: https://www.gsmarena.com/apple-phones-f-48-0-p2.php
Brand Page: 2
Total Page: 121

Model: iPad Pro 11 (2018)
Total Page: 122
Brand: Amoi : URL: https://www.gsmarena.com/amoi-phones-f-28-0-p2.php
Brand Page: 2
Total Page: 123
Brand: Eten : URL: https://www.gsmarena.com/eten-phones-f-40-0-p2.php
Brand Page: 2
Total Page: 124
Brand: Allview : URL: https://www.gsmarena.com/allview-phones-f-88-0-p2.php
Brand Page: 2
Total Page: 125
Brand: Meizu : URL: https://www.gsmarena.com/meizu-phones-f-74-0-p2.php
Brand Page: 2
Total Page: 126
Brand: Maxwest : URL: https://www.gsmarena.com/maxwest-phones-f-87-0-p2.php
Brand Page: 2
Total Page: 127
Brand: Motorola : URL: https://www.gsmarena.com/motorola-phones-f-4-0-p2.php
Brand Page: 2
Total Page: 128
Brand: BenQ : URL: https://www.gsmarena.com/benq-phones-f-31-0-p2.php
Brand Page: 2
Total Page: 129
Brand: Lava : URL: https://www.gsmarena.com/lava-phones-f-94-0-p2.php
Brand Page: 2
Total Page: 130
Brand: Energizer : URL: https://www.gsmarena.com/energizer-phones-f-106-0-p2.php
Brand Page: 2
Total Page: 131
Brand: alcatel : URL: https://www.gsmarena.com/alcatel-phones-f-5-0-p2.php
Brand Page: 2
Total Page: 132
Brand: BLU : URL: https://www.gsmarena.com/blu-phones-f-67-0-p2.php
Brand Page: 2
Total Page: 133
Brand: Mitsubishi : URL: https://www.gsmarena.com/mitsubishi-phones-f-8-0-p2.php
Brand Page: 2
Total Page: 134
Brand: Maxon : URL: https://www.gsmarena.com/maxon-phones-f-14-0-p2.php
Brand Page: 2
Total Page: 135
Brand: Prestigio : URL: https://www.gsmarena.com/prestigio-phones-f-86-0-p2.php
Brand Page: 2
Total Page: 136
Brand: Bird : URL: https://www.gsmarena.com/bird-phones-f-34-0-p2.php
Brand Page: 2
Total Page: 137
Brand: Gigabyte : URL: https://www.gsmarena.com/gigabyte-phones-f-47-0-p2.php
Brand Page: 2
Total Page: 138
Brand: Archos : URL: https://www.gsmarena.com/archos-phones-f-90-0-p2.php
Brand Page: 2
Total Page: 139
Brand: LG : URL: https://www.gsmarena.com/lg-phones-f-20-0-p2.php
Brand Page: 2
Total Page: 140
Brand: Lenovo : URL: https://www.gsmarena.com/lenovo-phones-f-73-0-p2.php
Brand Page: 2
Total Page: 141
Brand: Sony : URL: https://www.gsmarena.com/sony-phones-f-7-0-p2.php
Brand Page: 2
Total Page: 142
Brand: Karbonn : URL: https://www.gsmarena.com/karbonn-phones-f-83-0-p2.php
Brand Page: 2
Total Page: 143
Brand: Spice : URL: https://www.gsmarena.com/spice-phones-f-68-0-p2.php
Brand Page: 2
Total Page: 144
Brand: QMobile : URL: https://www.gsmarena.com/qmobile-phones-f-103-0-p2.php
Brand Page: 2
Total Page: 145
Brand: Philips : URL: https://www.gsmarena.com/philips-phones-f-11-0-p2.php
Brand Page: 2
Total Page: 146
Brand: Sagem : URL: https://www.gsmarena.com/sagem-phones-f-13-0-p2.php
Brand Page: 2
Total Page: 147
Brand: Icemobile : URL: https://www.gsmarena.com/icemobile-phones-f-69-0-p2.php
Brand Page: 2
Total Page: 148
Brand: Sharp : URL: https://www.gsmarena.com/sharp-phones-f-23-0-p2.php
Brand Page: 2
Total Page: 149
Brand: Gionee : URL: https://www.gsmarena.com/gionee-phones-f-92-0-p2.php
Brand Page: 2
Total Page: 150
Brand: Celkon : URL: https://www.gsmarena.com/celkon-phones-f-75-0-p2.php
Brand Page: 2
Total Page: 151
Brand: Siemens : URL: https://www.gsmarena.com/siemens-phones-f-3-0-p2.php
Brand Page: 2
Total Page: 152
Brand: Sony Ericsson : URL: https://www.gsmarena.com/sony_ericsson-phones-f-19-0-p2.php
Brand Page: 2
Total Page: 153
Brand: Micromax : URL: https://www.gsmarena.com/micromax-phones-f-66-0-p2.php
Brand Page: 2
Total Page: 154
Brand: Infinix : URL: https://www.gsmarena.com/infinix-phones-f-119-0-p2.php
Brand Page: 2
Total Page: 155
Brand: HTC : URL: https://www.gsmarena.com/htc-phones-f-45-0-p2.php
Brand Page: 2
Total Page: 156
Brand: Haier : URL: https://www.gsmarena.com/haier-phones-f-33-0-p2.php
Brand Page: 2
Total Page: 157
Brand: Sewon : URL: https://www.gsmarena.com/sewon-phones-f-26-0-p2.php
Brand Page: 2
Total Page: 158
Brand: Huawei : URL: https://www.gsmarena.com/huawei-phones-f-58-0-p2.php
Brand Page: 2
Total Page: 159
Brand: Honor : URL: https://www.gsmarena.com/honor-phones-f-121-0-p2.php
Brand Page: 2
Total Page: 160
Brand: HP : URL: https://www.gsmarena.com/hp-phones-f-41-0-p2.php
Brand Page: 2
Total Page: 161
Brand: Plum : URL: https://www.gsmarena.com/plum-phones-f-72-0-p2.php
Brand Page: 2
Total Page: 162
Brand: Oppo : URL: https://www.gsmarena.com/oppo-phones-f-82-0-p2.php
Brand Page: 2
Total Page: 163
Brand: Palm : URL: https://www.gsmarena.com/palm-phones-f-27-0-p2.php
Brand Page: 2
Total Page: 164
Brand: Panasonic : URL: https://www.gsmarena.com/panasonic-phones-f-6-0-p2.php
Brand Page: 2
Total Page: 165
Brand: Samsung : URL: https://www.gsmarena.com/samsung-phones-f-9-0-p2.php
Brand Page: 2
Total Page: 166
Brand: ZTE : URL: https://www.gsmarena.com/zte-phones-f-62-0-p2.php
Brand Page: 2
Total Page: 167
Brand: BlackBerry : URL: https://www.gsmarena.com/blackberry-phones-f-36-0-p3.php
Brand Page: 3
Total Page: 168
Brand: Nokia : URL: https://www.gsmarena.com/nokia-phones-f-1-0-p2.php
Brand Page: 2
Total Page: 169
Brand: NEC : URL: https://www.gsmarena.com/nec-phones-f-12-0-p2.php
Brand Page: 2
Total Page: 170
Brand: TECNO : URL: https://www.gsmarena.com/tecno-phones-f-120-0-p2.php
Brand Page: 2
Total Page: 171
Brand: Acer : URL: https://www.gsmarena.com/acer-phones-f-59-0-p3.php
Brand Page: 3
Total Page: 172
Brand: Vodafone : URL: https://www.gsmarena.com/vodafone-phones-f-53-0-p2.php
Brand Page: 2
Total Page: 173
Brand: vivo : URL: https://www.gsmarena.com/vivo-phones-f-98-0-p2.php
Brand Page: 2
Total Page: 174
Brand: Yezz : URL: https://www.gsmarena.com/yezz-phones-f-78-0-p2.php
Brand Page: 2
Total Page: 175
Brand: Xiaomi : URL: https://www.gsmarena.com/xiaomi-phones-f-80-0-p2.php
Brand Page: 2
Total Page: 176
Brand: verykool : URL: https://www.gsmarena.com/verykool-phones-f-70-0-p2.php
Brand Page: 2
Total Page: 177
Brand: O2 : URL: https://www.gsmarena.com/o2-phones-f-30-0-p2.php
Brand Page: 2
Total Page: 178
Brand: XOLO : URL: https://www.gsmarena.com/xolo-phones-f-85-0-p2.php
Brand Page: 2
Total Page: 179
Brand: Asus : URL: https://www.gsmarena.com/asus-phones-f-46-0-p3.php
Brand Page: 3
Total Page: 180

Model: CA6
Total Page: 181

Model: Zenpad S 8.0 Z580C
Total Page: 182

Model: P6 Energy Lite
Total Page: 183

Model: ZUK Edge
Total Page: 184

Model: K6 Power
Total Page: 185
Brand: Allview : URL: https://www.gsmarena.com/allview-phones-f-88-0-p3.php
Brand Page: 3
Total Page: 186
Brand: alcatel : URL: https://www.gsmarena.com/alcatel-phones-f-5-0-p3.php
Brand Page: 3
Total Page: 187

Model: P2
Total Page: 188

Model: A Plus
Total Page: 189
Brand: BLU : URL: https://www.gsmarena.com/blu-phones-f-67-0-p3.php
Brand Page: 3
Total Page: 190

Model: B
Total Page: 191

Model: K6 Note
Total Page: 192

Model: A6600
Total Page: 193
Brand: Wiko : URL: https://www.gsmarena.com/wiko-phones-f-96-0-p2.php
Brand Page: 2
Total Page: 194
Brand: Lava : URL: https://www.gsmarena.com/lava-phones-f-94-0-p3.php
Brand Page: 3
Total Page: 195
Brand: T-Mobile : URL: https://www.gsmarena.com/t_mobile-phones-f-55-0-p2.php
Brand Page: 2
Total Page: 196
Brand: Motorola : URL: https://www.gsmarena.com/motorola-phones-f-4-0-p3.php
Brand Page: 3
Total Page: 197
Brand: Sony : URL: https://www.gsmarena.com/sony-phones-f-7-0-p3.php
Brand Page: 3
Total Page: 198
Brand: Bird : URL: https://www.gsmarena.com/bird-phones-f-34-0-p3.php
Brand Page: 3
Total Page: 199

Model: Tab3 8
Total Page: 200

Model: A6600 Plus
Total Page: 201
Brand: LG : URL: https://www.gsmarena.com/lg-phones-f-20-0-p3.php
Brand Page: 3
Total Page: 202

Model: ZUK Z2 Pro
Total Page: 203

Model: Tab3 10
Total Page: 204

Model: Phab2 Pro
Total Page: 205

Model: Yoga Tab 3 Plus
Total Page: 206

Model: ZUK Z2
Total Page: 207

Model: C2 Power
Total Page: 208

Model: Yoga Tab 3 10
Total Page: 209

Model: Phab2 Plus
Total Page: 210

Model: C2
Total Page: 211

Model: Vibe A
Total Page: 212
Brand: Honor : URL: https://www.gsmarena.com/honor-phones-f-121-0-p3.php
Brand Page: 3
Total Page: 213

Model: Phab2
Total Page: 214
Brand: Micromax : URL: https://www.gsmarena.com/micromax-phones-f-66-0-p3.php
Brand Page: 3
Total Page: 215
Brand: Plum : URL: https://www.gsmarena.com/plum-phones-f-72-0-p3.php
Brand Page: 3
Total Page: 216
Brand: Huawei : URL: https://www.gsmarena.com/huawei-phones-f-58-0-p3.php
Brand Page: 3
Total Page: 217
Brand: HTC : URL: https://www.gsmarena.com/htc-phones-f-45-0-p3.php
Brand Page: 3
Total Page: 218
Brand: Haier : URL: https://www.gsmarena.com/haier-phones-f-33-0-p3.php
Brand Page: 3
Total Page: 219

Model: Vibe K4 Note
Total Page: 220
Brand: Sharp : URL: https://www.gsmarena.com/sharp-phones-f-23-0-p3.php
Brand Page: 3
Total Page: 221

Model: Yoga Tab 3 Pro
Total Page: 222
Brand: Celkon : URL: https://www.gsmarena.com/celkon-phones-f-75-0-p3.php
Brand Page: 3
Total Page: 223
Brand: Siemens : URL: https://www.gsmarena.com/siemens-phones-f-3-0-p3.php
Brand Page: 3
Total Page: 224

Model: Lemon 3
Total Page: 225
Brand: Sony Ericsson : URL: https://www.gsmarena.com/sony_ericsson-phones-f-19-0-p3.php
Brand Page: 3
Total Page: 226

Model: K6
Total Page: 227
Brand: Philips : URL: https://www.gsmarena.com/philips-phones-f-11-0-p3.php
Brand Page: 3
Total Page: 228

Model: Vibe X3
Total Page: 229

Model: Vibe K5
Total Page: 230

Model: A3690
Total Page: 231

Model: K5 Note
Total Page: 232

Model: Yoga Tab 3 8.0
Total Page: 233

Model: Vibe X3 c78
Total Page: 234

Model: Vibe P1 Turbo
Total Page: 235

Model: Vibe K5 Plus
Total Page: 236

Model: Vibe S1 Lite
Total Page: 237

Model: A7000 Turbo
Total Page: 238
Brand: Spice : URL: https://www.gsmarena.com/spice-phones-f-68-0-p3.php
Brand Page: 3
Total Page: 239
Brand: Pantech : URL: https://www.gsmarena.com/pantech-phones-f-32-0-p2.php
Brand Page: 2
Total Page: 240
Brand: Sagem : URL: https://www.gsmarena.com/sagem-phones-f-13-0-p3.php
Brand Page: 3
Total Page: 241
Brand: QMobile : URL: https://www.gsmarena.com/qmobile-phones-f-103-0-p3.php
Brand Page: 3
Total Page: 242

Model: Tab3 7
Total Page: 243
Brand: Oppo : URL: https://www.gsmarena.com/oppo-phones-f-82-0-p3.php
Brand Page: 3
Total Page: 244
Brand: Panasonic : URL: https://www.gsmarena.com/panasonic-phones-f-6-0-p3.php
Brand Page: 3
Total Page: 245

Model: A1000
Total Page: 246

Model: Phab
Total Page: 247

Model: Vibe P1
Total Page: 248

Model: Phab Plus
Total Page: 249
Brand: Lenovo : URL: https://www.gsmarena.com/lenovo-phones-f-73-0-p3.php
Brand Page: 3
Total Page: 250
Brand: Xiaomi : URL: https://www.gsmarena.com/xiaomi-phones-f-80-0-p3.php
Brand Page: 3
Total Page: 251
Brand: vivo : URL: https://www.gsmarena.com/vivo-phones-f-98-0-p3.php
Brand Page: 3
Total Page: 252
Brand: Nokia : URL: https://www.gsmarena.com/nokia-phones-f-1-0-p3.php
Brand Page: 3
Total Page: 253
Brand: Asus : URL: https://www.gsmarena.com/asus-phones-f-46-0-p4.php
Brand Page: 4
Total Page: 254
Brand: HTC : URL: https://www.gsmarena.com/htc-phones-f-45-0-p4.php
Brand Page: 4
Total Page: 255
Brand: ZTE : URL: https://www.gsmarena.com/zte-phones-f-62-0-p3.php
Brand Page: 3
Total Page: 256

Model: Pixi 8
Total Page: 257
Brand: Sony : URL: https://www.gsmarena.com/sony-phones-f-7-0-p4.php
Brand Page: 4
Total Page: 258
Brand: Vodafone : URL: https://www.gsmarena.com/vodafone-phones-f-53-0-p3.php
Brand Page: 3
Total Page: 259
Brand: Micromax : URL: https://www.gsmarena.com/micromax-phones-f-66-0-p4.php
Brand Page: 4
Total Page: 260
Brand: Motorola : URL: https://www.gsmarena.com/motorola-phones-f-4-0-p4.php
Brand Page: 4
Total Page: 261
Brand: BLU : URL: https://www.gsmarena.com/blu-phones-f-67-0-p4.php
Brand Page: 4
Total Page: 262
Brand: Yezz : URL: https://www.gsmarena.com/yezz-phones-f-78-0-p3.php
Brand Page: 3
Total Page: 263
Brand: verykool : URL: https://www.gsmarena.com/verykool-phones-f-70-0-p3.php
Brand Page: 3
Total Page: 264

Model: P7 Seon
Total Page: 265

Model: Vibe C
Total Page: 266
Brand: Honor : URL: https://www.gsmarena.com/honor-phones-f-121-0-p4.php
Brand Page: 4
Total Page: 267
Brand: Huawei : URL: https://www.gsmarena.com/huawei-phones-f-58-0-p4.php
Brand Page: 4
Total Page: 268
Brand: Samsung : URL: https://www.gsmarena.com/samsung-phones-f-9-0-p3.php
Brand Page: 3
Total Page: 269
Brand: LG : URL: https://www.gsmarena.com/lg-phones-f-20-0-p4.php
Brand Page: 4
Total Page: 270
Brand: Haier : URL: https://www.gsmarena.com/haier-phones-f-33-0-p4.php
Brand Page: 4
Total Page: 271
Brand: Philips : URL: https://www.gsmarena.com/philips-phones-f-11-0-p4.php
Brand Page: 4
Total Page: 272
Brand: alcatel : URL: https://www.gsmarena.com/alcatel-phones-f-5-0-p4.php
Brand Page: 4
Total Page: 273
Brand: Allview : URL: https://www.gsmarena.com/allview-phones-f-88-0-p4.php
Brand Page: 4
Total Page: 274
Brand: Sharp : URL: https://www.gsmarena.com/sharp-phones-f-23-0-p4.php
Brand Page: 4
Total Page: 275
Brand: Sony Ericsson : URL: https://www.gsmarena.com/sony_ericsson-phones-f-19-0-p4.php
Brand Page: 4
Total Page: 276
Brand: Pantech : URL: https://www.gsmarena.com/pantech-phones-f-32-0-p3.php
Brand Page: 3
Total Page: 277
Brand: Celkon : URL: https://www.gsmarena.com/celkon-phones-f-75-0-p4.php
Brand Page: 4
Total Page: 278
Brand: Oppo : URL: https://www.gsmarena.com/oppo-phones-f-82-0-p4.php
Brand Page: 4
Total Page: 279
Brand: Panasonic : URL: https://www.gsmarena.com/panasonic-phones-f-6-0-p4.php
Brand Page: 4
Total Page: 280

Model: S60
Total Page: 281

Model: Vibe S1
Total Page: 282

Model: A2010
Total Page: 283

Model: A616
Total Page: 284

Model: K80
Total Page: 285

Model: A3900
Total Page: 286

Model: A6010
Total Page: 287

Model: ZUK Z1
Total Page: 288

Model: Vibe P1m
Total Page: 289

Model: A1900
Total Page: 290

Model: A7000 Plus
Total Page: 291

Model: Vibe Shot
Total Page: 292

Model: A7000
Total Page: 293

Model: Vibe Z2
Total Page: 294

Model: Tab 2 A8-50
Total Page: 295

Model: Yoga Tablet 2 Pro
Total Page: 296

Model: A6000
Total Page: 297

Model: A606
Total Page: 298

Model: Vibe X2
Total Page: 299

Model: P90
Total Page: 300
Brand: Xiaomi : URL: https://www.gsmarena.com/xiaomi-phones-f-80-0-p4.php
Brand Page: 4
Total Page: 301

Model: P70
Total Page: 302

Model: A6000 Plus
Total Page: 303

Model: Yoga Tablet 2 10.1
Total Page: 304

Model: Tab 2 A7-20
Total Page: 305

Model: A5000
Total Page: 306

Model: Tab S8
Total Page: 307

Model: Tab 2 A10-70
Total Page: 308

Model: S856
Total Page: 309
Brand: Lenovo : URL: https://www.gsmarena.com/lenovo-phones-f-73-0-p4.php
Brand Page: 4
Total Page: 310

Model: S580
Total Page: 311

Model: Tab 2 A7-10
Total Page: 312

Model: Yoga Tablet 2 8.0 
Total Page: 313

Model: Tab 2 A7-30
Total Page: 314

Model: Vibe X2 Pro
Total Page: 315

Model: K3 Note
Total Page: 316

Model: S90 Sisley
Total Page: 317

Model: A319
Total Page: 318

Model: A916
Total Page: 319
Brand: Sony : URL: https://www.gsmarena.com/sony-phones-f-7-0-p5.php
Brand Page: 5
Total Page: 320
Brand: ZTE : URL: https://www.gsmarena.com/zte-phones-f-62-0-p4.php
Brand Page: 4
Total Page: 321
Brand: verykool : URL: https://www.gsmarena.com/verykool-phones-f-70-0-p4.php
Brand Page: 4
Total Page: 322
Brand: BLU : URL: https://www.gsmarena.com/blu-phones-f-67-0-p5.php
Brand Page: 5
Total Page: 323
Brand: Vodafone : URL: https://www.gsmarena.com/vodafone-phones-f-53-0-p4.php
Brand Page: 4
Total Page: 324

Model: K3
Total Page: 325
Brand: Micromax : URL: https://www.gsmarena.com/micromax-phones-f-66-0-p5.php
Brand Page: 5
Total Page: 326
Brand: Motorola : URL: https://www.gsmarena.com/motorola-phones-f-4-0-p5.php
Brand Page: 5
Total Page: 327
Brand: Panasonic : URL: https://www.gsmarena.com/panasonic-phones-f-6-0-p5.php
Brand Page: 5
Total Page: 328

Model: Golden Warrior Note 8
Total Page: 329
Brand: Celkon : URL: https://www.gsmarena.com/celkon-phones-f-75-0-p5.php
Brand Page: 5
Total Page: 330
Brand: HTC : URL: https://www.gsmarena.com/htc-phones-f-45-0-p5.php
Brand Page: 5
Total Page: 331
Brand: vivo : URL: https://www.gsmarena.com/vivo-phones-f-98-0-p4.php
Brand Page: 4
Total Page: 332
Brand: Huawei : URL: https://www.gsmarena.com/huawei-phones-f-58-0-p5.php
Brand Page: 5
Total Page: 333
Brand: LG : URL: https://www.gsmarena.com/lg-phones-f-20-0-p5.php
Brand Page: 5
Total Page: 334
Brand: Samsung : URL: https://www.gsmarena.com/samsung-phones-f-9-0-p4.php
Brand Page: 4
Total Page: 335
Brand: Philips : URL: https://www.gsmarena.com/philips-phones-f-11-0-p5.php
Brand Page: 5
Total Page: 336

Model: X510
Total Page: 337
Brand: Asus : URL: https://www.gsmarena.com/asus-phones-f-46-0-p5.php
Brand Page: 5
Total Page: 338
Brand: Nokia : URL: https://www.gsmarena.com/nokia-phones-f-1-0-p4.php
Brand Page: 4
Total Page: 339

Model: P565
Total Page: 340
Brand: alcatel : URL: https://www.gsmarena.com/alcatel-phones-f-5-0-p5.php
Brand Page: 5
Total Page: 341

Model: A680
Total Page: 342

Model: S660
Total Page: 343

Model: S930
Total Page: 344

Model: A889
Total Page: 345

Model: Vibe Z K910
Total Page: 346

Model: S650
Total Page: 347

Model: Golden Warrior S8
Total Page: 348

Model: S939
Total Page: 349

Model: A316i
Total Page: 350

Model: S750
Total Page: 351

Model: A859
Total Page: 352

Model: Golden Warrior A8
Total Page: 353

Model: S850
Total Page: 354

Model: Vibe Z2 Pro
Total Page: 355

Model: A850+
Total Page: 356

Model: A880
Total Page: 357

Model: A6010 Plus
Total Page: 358

Model: S860
Total Page: 359

Model: A526
Total Page: 360

Model: A7-30 A3300
Total Page: 361

Model: Yoga Tablet 10 HD+
Total Page: 362

Model: A10-70 A7600
Total Page: 363

Model: A7-50 A3500
Total Page: 364

Model: A369i
Total Page: 365

Model: A850
Total Page: 366

Model: A328
Total Page: 367

Model: A630
Total Page: 368

Model: S5000
Total Page: 369

Model: S820
Total Page: 370

Model: S920
Total Page: 371
Brand: Lenovo : URL: https://www.gsmarena.com/lenovo-phones-f-73-0-p5.php
Brand Page: 5
Total Page: 372

Model: IdeaTab S6000H
Total Page: 373

Model: Vibe X S960
Total Page: 374

Model: A269i
Total Page: 375

Model: A536
Total Page: 376

Model: A516
Total Page: 377

Model: A390
Total Page: 378

Model: A8-50 A5500
Total Page: 379

Model: A706
Total Page: 380

Model: P780
Total Page: 381

Model: Yoga Tablet 8
Total Page: 382

Model: Yoga Tablet 10
Total Page: 383
Brand: ZTE : URL: https://www.gsmarena.com/zte-phones-f-62-0-p5.php
Brand Page: 5
Total Page: 384
Brand: Micromax : URL: https://www.gsmarena.com/micromax-phones-f-66-0-p6.php
Brand Page: 6
Total Page: 385
Brand: HTC : URL: https://www.gsmarena.com/htc-phones-f-45-0-p6.php
Brand Page: 6
Total Page: 386
Brand: Motorola : URL: https://www.gsmarena.com/motorola-phones-f-4-0-p6.php
Brand Page: 6
Total Page: 387
Brand: BLU : URL: https://www.gsmarena.com/blu-phones-f-67-0-p6.php
Brand Page: 6
Total Page: 388
Brand: Philips : URL: https://www.gsmarena.com/philips-phones-f-11-0-p6.php
Brand Page: 6
Total Page: 389

Model: Galaxy Ace 4
Total Page: 390

Model: OT-310
Total Page: 391

Model: V66
Total Page: 392

Model: Extravert VN271
Total Page: 393

Model: One Touch T'Pop
Total Page: 394
Brand: Huawei : URL: https://www.gsmarena.com/huawei-phones-f-58-0-p6.php
Brand Page: 6
Total Page: 395
Brand: Celkon : URL: https://www.gsmarena.com/celkon-phones-f-75-0-p6.php
Brand Page: 6
Total Page: 396
Brand: LG : URL: https://www.gsmarena.com/lg-phones-f-20-0-p6.php
Brand Page: 6
Total Page: 397
Brand: Nokia : URL: https://www.gsmarena.com/nokia-phones-f-1-0-p5.php
Brand Page: 5
Total Page: 398
Brand: Samsung : URL: https://www.gsmarena.com/samsung-phones-f-9-0-p5.php
Brand Page: 5
Total Page: 399

Model: M310
Total Page: 400
Brand: alcatel : URL: https://www.gsmarena.com/alcatel-phones-f-5-0-p6.php
Brand Page: 6
Total Page: 401

Model: OT-228
Total Page: 402

Model: M530w
Total Page: 403

Model: IdeaTab A2107
Total Page: 404

Model: IdeaTab S6000L
Total Page: 405

Model: S890
Total Page: 406

Model: IdeaTab A1000
Total Page: 407

Model: K900
Total Page: 408

Model: IdeaTab A3000
Total Page: 409

Model: IdeaTab S6000
Total Page: 410

Model: IdeaTab S6000F
Total Page: 411

Model: A690
Total Page: 412

Model: P770
Total Page: 413

Model: A335
Total Page: 414

Model: IdeaPad A1
Total Page: 415

Model: S560
Total Page: 416

Model: S880
Total Page: 417

Model: S720
Total Page: 418

Model: P700i
Total Page: 419

Model: A60
Total Page: 420

Model: A830
Total Page: 421

Model: A800
Total Page: 422

Model: A789
Total Page: 423

Model: LePad S2010
Total Page: 424
Brand: ZTE : URL: https://www.gsmarena.com/zte-phones-f-62-0-p6.php
Brand Page: 6
Total Page: 425

Model: E156
Total Page: 426

Model: K860
Total Page: 427

Model: A660
Total Page: 428

Model: IdeaPad K1
Total Page: 429

Model: A336
Total Page: 430

Model: A60+
Total Page: 431

Model: A65
Total Page: 432

Model: LePad S2005
Total Page: 433

Model: IdeaPad S2
Total Page: 434

Model: K800
Total Page: 435

Model: LePhone S2
Total Page: 436

Model: Q350
Total Page: 437

Model: S800
Total Page: 438

Model: A820
Total Page: 439
Brand: Micromax : URL: https://www.gsmarena.com/micromax-phones-f-66-0-p7.php
Brand Page: 7
Total Page: 440

Model: LePad S2007
Total Page: 441

Model: Q330
Total Page: 442
Brand: HTC : URL: https://www.gsmarena.com/htc-phones-f-45-0-p7.php
Brand Page: 7
Total Page: 443
Brand: Philips : URL: https://www.gsmarena.com/philips-phones-f-11-0-p7.php
Brand Page: 7
Total Page: 444
Brand: BLU : URL: https://www.gsmarena.com/blu-phones-f-67-0-p7.php
Brand Page: 7
Total Page: 445

Model: S800
Total Page: 446

Model: A5860
Total Page: 447

Model: C1-01
Total Page: 448

Model: ThinkPad
Total Page: 449
Brand: Huawei : URL: https://www.gsmarena.com/huawei-phones-f-58-0-p7.php
Brand Page: 7
Total Page: 450
Brand: Motorola : URL: https://www.gsmarena.com/motorola-phones-f-4-0-p7.php
Brand Page: 7
Total Page: 451

Model: A185
Total Page: 452

Model: E2262
Total Page: 453

Model: OT-330
Total Page: 454
Brand: Nokia : URL: https://www.gsmarena.com/nokia-phones-f-1-0-p6.php
Brand Page: 6
Total Page: 455

Model: OT-799 Play
Total Page: 456
Brand: alcatel : URL: https://www.gsmarena.com/alcatel-phones-f-5-0-p7.php
Brand Page: 7
Total Page: 457

Model: OT-995
Total Page: 458
Brand: LG : URL: https://www.gsmarena.com/lg-phones-f-20-0-p7.php
Brand Page: 7
Total Page: 459

Model: VE75
Total Page: 460

Model: OT-585
Total Page: 461

Model: OT-117
Total Page: 462

Model: OT-810
Total Page: 463

Model: OT-807
Total Page: 464

Model: OT-213
Total Page: 465

Model: OT-209
Total Page: 466

Model: A120
Total Page: 467

Model: GC400
Total Page: 468
Brand: ZTE : URL: https://www.gsmarena.com/zte-phones-f-62-0-p7.php
Brand Page: 7
Total Page: 469
Brand: Samsung : URL: https://www.gsmarena.com/samsung-phones-f-9-0-p6.php
Brand Page: 6
Total Page: 470
Brand: Philips : URL: https://www.gsmarena.com/philips-phones-f-11-0-p8.php
Brand Page: 8
Total Page: 471
Brand: BLU : URL: https://www.gsmarena.com/blu-phones-f-67-0-p8.php
Brand Page: 8
Total Page: 472
Brand: Huawei : URL: https://www.gsmarena.com/huawei-phones-f-58-0-p8.php
Brand Page: 8
Total Page: 473
Brand: Motorola : URL: https://www.gsmarena.com/motorola-phones-f-4-0-p8.php
Brand Page: 8
Total Page: 474
Brand: Nokia : URL: https://www.gsmarena.com/nokia-phones-f-1-0-p7.php
Brand Page: 7
Total Page: 475
Brand: alcatel : URL: https://www.gsmarena.com/alcatel-phones-f-5-0-p8.php
Brand Page: 8
Total Page: 476

Model: OT-301
Total Page: 477

Model: OT-206
Total Page: 478

Model: OT-909 One Touch MAX
Total Page: 479

Model: Galaxy Ace Advance S6800
Total Page: 480
Brand: LG : URL: https://www.gsmarena.com/lg-phones-f-20-0-p8.php
Brand Page: 8
Total Page: 481

Model: OT-505
Total Page: 482
Brand: Samsung : URL: https://www.gsmarena.com/samsung-phones-f-9-0-p7.php
Brand Page: 7
Total Page: 483
Brand: Motorola : URL: https://www.gsmarena.com/motorola-phones-f-4-0-p9.php
Brand Page: 9
Total Page: 484

Model: OT-C717
Total Page: 485

Model: OT-S520
Total Page: 486
Brand: Nokia : URL: https://www.gsmarena.com/nokia-phones-f-1-0-p8.php
Brand Page: 8
Total Page: 487
Brand: alcatel : URL: https://www.gsmarena.com/alcatel-phones-f-5-0-p9.php
Brand Page: 9
Total Page: 488

Model: OT-S120
Total Page: 489
Brand: LG : URL: https://www.gsmarena.com/lg-phones-f-20-0-p9.php
Brand Page: 9
Total Page: 490

Model: OT-S211
Total Page: 491
Brand: Samsung : URL: https://www.gsmarena.com/samsung-phones-f-9-0-p8.php
Brand Page: 8
Total Page: 492

Model: R910 Galaxy Indulge
Total Page: 493

Model: S5610
Total Page: 494
Brand: Motorola : URL: https://www.gsmarena.com/motorola-phones-f-4-0-p10.php
Brand Page: 10
Total Page: 495
Brand: Nokia : URL: https://www.gsmarena.com/nokia-phones-f-1-0-p9.php
Brand Page: 9
Total Page: 496

Model: OT-E257
Total Page: 497

Model: 5610 XpressMusic
Total Page: 498

Model: N82
Total Page: 499

Model: OT-E157
Total Page: 500

Model: OT 557
Total Page: 501
Brand: LG : URL: https://www.gsmarena.com/lg-phones-f-20-0-p10.php
Brand Page: 10
Total Page: 502

Model: OT-E160
Total Page: 503

Model: S5750 Wave575
Total Page: 504
Brand: alcatel : URL: https://www.gsmarena.com/alcatel-phones-f-5-0-p10.php
Brand Page: 10
Total Page: 505
Brand: Samsung : URL: https://www.gsmarena.com/samsung-phones-f-9-0-p9.php
Brand Page: 9
Total Page: 506

Model: R360 Messenger Touch
Total Page: 507

Model: R580 Profile
Total Page: 508

Model: V60
Total Page: 509

Model: M3288
Total Page: 510

Model: V3688
Total Page: 511

Model: StarTAC Rainbow
Total Page: 512
Brand: Nokia : URL: https://www.gsmarena.com/nokia-phones-f-1-0-p10.php
Brand Page: 10
Total Page: 513
Brand: LG : URL: https://www.gsmarena.com/lg-phones-f-20-0-p11.php
Brand Page: 11
Total Page: 514

Model: OT Pro
Total Page: 515
Brand: Samsung : URL: https://www.gsmarena.com/samsung-phones-f-9-0-p10.php
Brand Page: 10
Total Page: 516

Model: OT COM
Total Page: 517

Model: OT 526
Total Page: 518

Model: OT 525
Total Page: 519

Model: OT 512
Total Page: 520

Model: C5130
Total Page: 521

Model: N71
Total Page: 522

Model: 6280
Total Page: 523

Model: 7370
Total Page: 524

Model: 8800
Total Page: 525

Model: E61
Total Page: 526

Model: E1107 Crest Solar
Total Page: 527
Brand: Nokia : URL: https://www.gsmarena.com/nokia-phones-f-1-0-p11.php
Brand Page: 11
Total Page: 528

Model: B7610 OmniaPRO
Total Page: 529

Model: B7320 OmniaPRO
Total Page: 530

Model: P250
Total Page: 531

Model: S7220 Ultra b
Total Page: 532

Model: B2100 Xplorer
Total Page: 533

Model: i770 Saga
Total Page: 534

Model: A657
Total Page: 535
Brand: Samsung : URL: https://www.gsmarena.com/samsung-phones-f-9-0-p11.php
Brand Page: 11
Total Page: 536

Model: S9402 Ego
Total Page: 537

Model: 6681
Total Page: 538

Model: 2650
Total Page: 539

Model: 7200
Total Page: 540
Brand: Nokia : URL: https://www.gsmarena.com/nokia-phones-f-1-0-p12.php
Brand Page: 12
Total Page: 541

Model: 5140
Total Page: 542

Model: 3108
Total Page: 543

Model: 1100
Total Page: 544

Model: G810
Total Page: 545

Model: T229
Total Page: 546

Model: P260
Total Page: 547

Model: C500
Total Page: 548

Model: L770
Total Page: 549
Brand: Samsung : URL: https://www.gsmarena.com/samsung-phones-f-9-0-p12.php
Brand Page: 12
Total Page: 550

Model: 6800
Total Page: 551

Model: 7650
Total Page: 552

Model: 2100
Total Page: 553

Model: 9210 Communicator
Total Page: 554
Brand: Nokia : URL: https://www.gsmarena.com/nokia-phones-f-1-0-p13.php
Brand Page: 13
Total Page: 555

Model: T509
Total Page: 556

Model: T539 Beat
Total Page: 557

Model: i400
Total Page: 558

Model: M300
Total Page: 559

Model: J750
Total Page: 560

Model: E480
Total Page: 561

Model: F500
Total Page: 562

Model: J600
Total Page: 563

Model: Z370
Total Page: 564

Model: i600
Total Page: 565
Brand: Samsung : URL: https://www.gsmarena.com/samsung-phones-f-9-0-p13.php
Brand Page: 13
Total Page: 566

Model: 6210
Total Page: 567
Brand: Samsung : URL: https://www.gsmarena.com/samsung-phones-f-9-0-p14.php
Brand Page: 14
Total Page: 568

Model: E770
Total Page: 569

Model: S401i
Total Page: 570

Model: D300
Total Page: 571

Model: C170
Total Page: 572

Model: ZV50
Total Page: 573

Model: S500i
Total Page: 574

Model: C120
Total Page: 575

Model: E600
Total Page: 576

Model: E880
Total Page: 577
Brand: Samsung : URL: https://www.gsmarena.com/samsung-phones-f-9-0-p15.php
Brand Page: 15
Total Page: 578

Model: T500
Total Page: 579

Model: X100
Total Page: 580

Model: E715
Total Page: 581

Model: E810
Total Page: 582

Model: X400
Total Page: 583

Model: P500
Total Page: 584

Model: N620
Total Page: 585

Model: T400
Total Page: 586
