URL: https://www.gsmarena.com/makers.php3
Total Page: 1
Brand: Acer : URL: https://www.gsmarena.com/acer-phones-59.php
Brand Page: 1
Total Page: 2
Brand: Garmin-Asus : URL: https://www.gsmarena.com/garmin_asus-phones-65.php
Brand Page: 1
Total Page: 3
Next Page not found
Brand: Fujitsu Siemens : URL: https://www.gsmarena.com/fujitsu_siemens-phones-50.php
Brand Page: 1
Total Page: 4
Next Page not found
Brand: Eten : URL: https://www.gsmarena.com/eten-phones-40.php
Brand Page: 1
Total Page: 5
Brand: Energizer : URL: https://www.gsmarena.com/energizer-phones-106.php
Brand Page: 1
Total Page: 6
Brand: Gigabyte : URL: https://www.gsmarena.com/gigabyte-phones-47.php
Brand Page: 1
Total Page: 7
Brand: Ericsson : URL: https://www.gsmarena.com/ericsson-phones-2.php
Brand Page: 1
Total Page: 8
Brand: Gionee : URL: https://www.gsmarena.com/gionee-phones-92.php
Brand Page: 1
Total Page: 9
Next Page not found
Brand: Emporia : URL: https://www.gsmarena.com/emporia-phones-93.php
Brand Page: 1
Total Page: 10
Next Page not found
Brand: Dell : URL: https://www.gsmarena.com/dell-phones-61.php
Brand Page: 1
Total Page: 11
Next Page not found
Brand: Coolpad : URL: https://www.gsmarena.com/coolpad-phones-105.php
Brand Page: 1
Total Page: 12
Next Page not found
Brand: Chea : URL: https://www.gsmarena.com/chea-phones-24.php
Brand Page: 1
Total Page: 13
Next Page not found
Brand: Casio : URL: https://www.gsmarena.com/casio-phones-77.php
Brand Page: 1
Total Page: 14
Next Page not found
Brand: Cat : URL: https://www.gsmarena.com/cat-phones-89.php
Brand Page: 1
Total Page: 15
Next Page not found
Brand: Celkon : URL: https://www.gsmarena.com/celkon-phones-75.php
Brand Page: 1
Total Page: 16
Brand: BQ : URL: https://www.gsmarena.com/bq-phones-108.php
Brand Page: 1
Total Page: 17
Next Page not found
Brand: ZTE : URL: https://www.gsmarena.com/zte-phones-62.php
Brand Page: 1
Total Page: 18
Brand: YU : URL: https://www.gsmarena.com/yu-phones-100.php
Brand Page: 1
Total Page: 19
Next Page not found
Brand: Yota : URL: https://www.gsmarena.com/yota-phones-99.php
Brand Page: 1
Total Page: 20
Next Page not found
Brand: XCute : URL: https://www.gsmarena.com/xcute-phones-43.php
Brand Page: 1
Total Page: 21
Next Page not found
Brand: Xiaomi : URL: https://www.gsmarena.com/xiaomi-phones-80.php
Brand Page: 1
Total Page: 22

Model: Liquid Z530
Total Page: 23
Brand: XOLO : URL: https://www.gsmarena.com/xolo-phones-85.php
Brand Page: 1
Total Page: 24
Brand: Yezz : URL: https://www.gsmarena.com/yezz-phones-78.php
Brand Page: 1
Total Page: 25
Brand: Gionee : URL: https://www.gsmarena.com/gionee-phones-f-92-0-p2.php
Brand Page: 2
Total Page: 26

Model: Modena 2
Total Page: 27

Model: S6
Total Page: 28

Model: Elife E8
Total Page: 29

Model: Pioneer P5W
Total Page: 30

Model: Marathon M5 lite
Total Page: 31

Model: Elife S Plus
Total Page: 32

Model: F103
Total Page: 33
Brand: Celkon : URL: https://www.gsmarena.com/celkon-phones-f-75-0-p2.php
Brand Page: 2
Total Page: 34

Model: Win 400
Total Page: 35

Model: Campus Colt A401
Total Page: 36

Model: Xion s CT695
Total Page: 37

Model: Campus Crown Q40
Total Page: 38

Model: Campus Whizz Q42
Total Page: 39

Model: Millennia Epic Q550
Total Page: 40

Model: Glory Q5
Total Page: 41
Brand: Yezz : URL: https://www.gsmarena.com/yezz-phones-f-78-0-p2.php
Brand Page: 2
Total Page: 42

Model: Pioneer P1
Total Page: 43

Model: Dream D1
Total Page: 44

Model: Ctrl V3
Total Page: 45

Model: Ctrl V2
Total Page: 46

Model: Ctrl V4s
Total Page: 47

Model: Ctrl V1
Total Page: 48

Model: Pioneer P2
Total Page: 49

Model: Ctrl V4
Total Page: 50
Brand: Celkon : URL: https://www.gsmarena.com/celkon-phones-f-75-0-p3.php
Brand Page: 3
Total Page: 51

Model: C44+
Total Page: 52

Model: A 107+
Total Page: 53

Model: A64
Total Page: 54

Model: A66
Total Page: 55

Model: C4040
Total Page: 56

Model: ARR35
Total Page: 57

Model: A9 Dual
Total Page: 58
Brand: Yezz : URL: https://www.gsmarena.com/yezz-phones-f-78-0-p3.php
Brand Page: 3
Total Page: 59

Model: Andy 3G 3.5 YZ1110
Total Page: 60

Model: Exclusive Z10
Total Page: 61

Model: Andy A5
Total Page: 62

Model: Bonito YZ500
Total Page: 63

Model: Epic T7
Total Page: 64

Model: Andy 3G 4.0 YZ1120
Total Page: 65

Model: Classic C30
Total Page: 66

Model: Classic CC10
Total Page: 67
Brand: Celkon : URL: https://www.gsmarena.com/celkon-phones-f-75-0-p4.php
Brand Page: 4
Total Page: 68

Model: CT-910
Total Page: 69

Model: A119Q Signature HD
Total Page: 70

Model: A119 Signature HD
Total Page: 71

Model: A87
Total Page: 72

Model: A107
Total Page: 73

Model: A9+
Total Page: 74

Model: A118
Total Page: 75

Model: Zenior YZ888
Total Page: 76

Model: Clasico YZ300
Total Page: 77

Model: Chico YZ200
Total Page: 78

Model: Bono 3G YZ700
Total Page: 79

Model: Ritmo YZ400
Total Page: 80

Model: Fashion F10
Total Page: 81

Model: Moda YZ600
Total Page: 82

Model: Andy YZ1100
Total Page: 83

Model: Chico 2 YZ201
Total Page: 84

Model: Ritmo 3 TV YZ433
Total Page: 85

Model: C74
Total Page: 86

Model: Ritmo 2 YZ420
Total Page: 87

Model: Classic C20
Total Page: 88

Model: Andy 3G 2.8 YZ11
Total Page: 89

Model: CT-910+
Total Page: 90
Brand: Celkon : URL: https://www.gsmarena.com/celkon-phones-f-75-0-p5.php
Brand Page: 5
Total Page: 91

Model: C606
Total Page: 92

Model: C504
Total Page: 93

Model: C570
Total Page: 94

Model: C203
Total Page: 95

Model: C206
Total Page: 96

Model: C705
Total Page: 97

Model: C770N
Total Page: 98

Model: A99+
Total Page: 99

Model: A90
Total Page: 100

Model: A95
Total Page: 101

Model: C350
Total Page: 102

Model: A97
Total Page: 103

Model: C359
Total Page: 104

Model: C360
Total Page: 105

Model: C262
Total Page: 106

Model: C607
Total Page: 107
Brand: Celkon : URL: https://www.gsmarena.com/celkon-phones-f-75-0-p6.php
Brand Page: 6
Total Page: 108

Model: C88
Total Page: 109

Model: C20
Total Page: 110

Model: C339
Total Page: 111

Model: C369
Total Page: 112

Model: C770
Total Page: 113

Model: C66
Total Page: 114

Model: C10
Total Page: 115

Model: C100
Total Page: 116

Model: C101
Total Page: 117

Model: C44
Total Page: 118

Model: C550
Total Page: 119

Model: C77
Total Page: 120

Model: C555
Total Page: 121

Model: C205
Total Page: 122

Model: C33
Total Page: 123

Model: C867
Total Page: 124

Model: C409
Total Page: 125

Model: C567
Total Page: 126

Model: C449
Total Page: 127

Model: C517
Total Page: 128

Model: C367
Total Page: 129

Model: C747
Total Page: 130

Model: C102
Total Page: 131

Model: C357
Total Page: 132

Model: C22
Total Page: 133

Model: C6
Total Page: 134

Model: C333
Total Page: 135

Model: C509
Total Page: 136

Model: C347
Total Page: 137

Model: C5
Total Page: 138

Model: C7
Total Page: 139

Model: C11
Total Page: 140

Model: C669
Total Page: 141

Model: C9
Total Page: 142

Model: C225
Total Page: 143

Model: C3
Total Page: 144

Model: C111
Total Page: 145

Model: C99
Total Page: 146

Model: C2
Total Page: 147

Model: C444
Total Page: 148

Model: C777
Total Page: 149

Model: C1
Total Page: 150

Model: C999
Total Page: 151

Model: C007
Total Page: 152

Model: C609
Total Page: 153

Model: C2000
Total Page: 154

Model: A1
Total Page: 155

Model: C207
Total Page: 156

Model: C227
Total Page: 157

Model: i9
Total Page: 158

Model: C2010
Total Page: 159

Model: C5050
Total Page: 160

Model: C202
Total Page: 161

Model: C201
Total Page: 162

Model: C303
Total Page: 163

Model: C90
Total Page: 164

Model: C909
Total Page: 165

Model: C305
Total Page: 166

Model: C3030
Total Page: 167

Model: C60
Total Page: 168

Model: C220
Total Page: 169

Model: C404
Total Page: 170

Model: A9
Total Page: 171

Model: A99
Total Page: 172

Model: C349
Total Page: 173

Model: C337
Total Page: 174

Model: C55
Total Page: 175

Model: C260
Total Page: 176

Model: C70
Total Page: 177

Model: A19
Total Page: 178

Model: A97i
Total Page: 179

Model: C9 Star
Total Page: 180

Model: C52
Total Page: 181

Model: C24
Total Page: 182

Model: CT 1
Total Page: 183

Model: A89
Total Page: 184

Model: CT 2
Total Page: 185

Model: A22
Total Page: 186

Model: A85
Total Page: 187

Model: A900
Total Page: 188

Model: A200
Total Page: 189

Model: CT 9
Total Page: 190

Model: C19
Total Page: 191

Model: C3000
Total Page: 192

Model: A77
Total Page: 193

Model: A83
Total Page: 194

Model: C67+
Total Page: 195

Model: C69
Total Page: 196

Model: A105
Total Page: 197

Model: C349i
Total Page: 198

Model: C7030
Total Page: 199

Model: C5050 Star
Total Page: 200

Model: A10
Total Page: 201

Model: A60
Total Page: 202

Model: Andy A4
Total Page: 203

Model: Andy A3.5
Total Page: 204

Model: Andy A4.5
Total Page: 205

Model: Monalisa 5
Total Page: 206

Model: A20
Total Page: 207

Model: A63
Total Page: 208

Model: A112
Total Page: 209

Model: Andy A4M
Total Page: 210

Model: Andy A3.5EP
Total Page: 211

Model: Andy A4E
Total Page: 212

Model: Andy A4.5 1GB
Total Page: 213

Model: Andy A5 1GB
Total Page: 214

Model: Andy A6M
Total Page: 215

Model: Epic T7ED
Total Page: 216

Model: Andy A6M 1GB
Total Page: 217

Model: Andy AZ4.5
Total Page: 218

Model: Andy 6Q
Total Page: 219

Model: Epic T7FD
Total Page: 220

Model: Andy 3.5EI
Total Page: 221

Model: Classic C21
Total Page: 222

Model: Andy A5QP
Total Page: 223

Model: Andy 5EI
Total Page: 224

Model: Andy 3.5EH
Total Page: 225

Model: Billy 4.7
Total Page: 226

Model: Andy C5VP
Total Page: 227

Model: Andy C5V
Total Page: 228

Model: Andy 4.5M
Total Page: 229

Model: Andy 5.5EI
Total Page: 230

Model: Andy 4EI
Total Page: 231

Model: Billy 4
Total Page: 232

Model: Andy 5T
Total Page: 233

Model: Monaco 47
Total Page: 234

Model: Classic C22
Total Page: 235

Model: Classic C21A
Total Page: 236

Model: Classic C50
Total Page: 237

Model: Andy C5QL
Total Page: 238

Model: C349+
Total Page: 239

Model: C66+
Total Page: 240

Model: C779
Total Page: 241
