URL: https://www.gsmarena.com/makers.php3
Total Page: 1
Brand: Apple : URL: https://www.gsmarena.com/apple-phones-48.php
Brand Page: 1
Total Page: 2
Brand: Garmin-Asus : URL: https://www.gsmarena.com/garmin_asus-phones-65.php
Brand Page: 1
Total Page: 3
Next Page not found
Brand: AT&T : URL: https://www.gsmarena.com/at&t-phones-57.php
Brand Page: 1
Total Page: 4
Next Page not found
Brand: Cat : URL: https://www.gsmarena.com/cat-phones-89.php
Brand Page: 1
Total Page: 5
Next Page not found
Brand: Fujitsu Siemens : URL: https://www.gsmarena.com/fujitsu_siemens-phones-50.php
Brand Page: 1
Total Page: 6
Next Page not found
Brand: Asus : URL: https://www.gsmarena.com/asus-phones-46.php
Brand Page: 1
Total Page: 7
Brand: BlackBerry : URL: https://www.gsmarena.com/blackberry-phones-36.php
Brand Page: 1
Total Page: 8
Brand: Meizu : URL: https://www.gsmarena.com/meizu-phones-74.php
Brand Page: 1
Total Page: 9
Brand: Razer : URL: https://www.gsmarena.com/razer-phones-117.php
Brand Page: 1
Total Page: 10
Next Page not found
Brand: Lenovo : URL: https://www.gsmarena.com/lenovo-phones-73.php
Brand Page: 1
Total Page: 11
Brand: Neonode : URL: https://www.gsmarena.com/neonode-phones-22.php
Brand Page: 1
Total Page: 12
Next Page not found
Brand: Innostream : URL: https://www.gsmarena.com/innostream-phones-29.php
Brand Page: 1
Total Page: 13
Next Page not found
Brand: BQ : URL: https://www.gsmarena.com/bq-phones-108.php
Brand Page: 1
Total Page: 14
Next Page not found
Brand: Amoi : URL: https://www.gsmarena.com/amoi-phones-28.php
Brand Page: 1
Total Page: 15
Brand: MWg : URL: https://www.gsmarena.com/mwg-phones-56.php
Brand Page: 1
Total Page: 16
Next Page not found
Brand: Allview : URL: https://www.gsmarena.com/allview-phones-88.php
Brand Page: 1
Total Page: 17
Brand: HP : URL: https://www.gsmarena.com/hp-phones-41.php
Brand Page: 1
Total Page: 18
Brand: BLU : URL: https://www.gsmarena.com/blu-phones-67.php
Brand Page: 1
Total Page: 19
Brand: Dell : URL: https://www.gsmarena.com/dell-phones-61.php
Brand Page: 1
Total Page: 20
Next Page not found
Brand: Archos : URL: https://www.gsmarena.com/archos-phones-90.php
Brand Page: 1
Total Page: 21
Brand: Gionee : URL: https://www.gsmarena.com/gionee-phones-92.php
Brand Page: 1
Total Page: 22
Brand: WND : URL: https://www.gsmarena.com/wnd-phones-51.php
Brand Page: 1
Total Page: 23
Next Page not found
Brand: Casio : URL: https://www.gsmarena.com/casio-phones-77.php
Brand Page: 1
Total Page: 24
Next Page not found
Brand: Benefon : URL: https://www.gsmarena.com/benefon-phones-15.php
Brand Page: 1
Total Page: 25
Next Page not found
Brand: Energizer : URL: https://www.gsmarena.com/energizer-phones-106.php
Brand Page: 1
Total Page: 26
Brand: Mitac : URL: https://www.gsmarena.com/mitac-phones-25.php
Brand Page: 1
Total Page: 27
Next Page not found
Brand: BenQ : URL: https://www.gsmarena.com/benq-phones-31.php
Brand Page: 1
Total Page: 28
Brand: Bird : URL: https://www.gsmarena.com/bird-phones-34.php
Brand Page: 1
Total Page: 29
Brand: Amazon : URL: https://www.gsmarena.com/amazon-phones-76.php
Brand Page: 1
Total Page: 30
Next Page not found
Brand: Modu : URL: https://www.gsmarena.com/modu-phones-63.php
Brand Page: 1
Total Page: 31
Next Page not found
Brand: Chea : URL: https://www.gsmarena.com/chea-phones-24.php
Brand Page: 1
Total Page: 32
Next Page not found
Brand: Jolla : URL: https://www.gsmarena.com/jolla-phones-84.php
Brand Page: 1
Total Page: 33
Next Page not found
Brand: Ericsson : URL: https://www.gsmarena.com/ericsson-phones-2.php
Brand Page: 1
Total Page: 34
Next Page not found
Brand: Acer : URL: https://www.gsmarena.com/acer-phones-59.php
Brand Page: 1
Total Page: 35
Brand: iNQ : URL: https://www.gsmarena.com/inq-phones-60.php
Brand Page: 1
Total Page: 36
Next Page not found
Brand: Eten : URL: https://www.gsmarena.com/eten-phones-40.php
Brand Page: 1
Total Page: 37
Brand: i-mate : URL: https://www.gsmarena.com/i_mate-phones-35.php
Brand Page: 1
Total Page: 38
Next Page not found
Brand: Bosch : URL: https://www.gsmarena.com/bosch-phones-10.php
Brand Page: 1
Total Page: 39
Next Page not found
Brand: BenQ-Siemens : URL: https://www.gsmarena.com/benq_siemens-phones-42.php
Brand Page: 1
Total Page: 40
Next Page not found
Brand: alcatel : URL: https://www.gsmarena.com/alcatel-phones-5.php
Brand Page: 1
Total Page: 41
Brand: Blackview : URL: https://www.gsmarena.com/blackview-phones-116.php
Brand Page: 1
Total Page: 42
Next Page not found
Brand: Nvidia : URL: https://www.gsmarena.com/nvidia-phones-97.php
Brand Page: 1
Total Page: 43
Next Page not found
Brand: Gigabyte : URL: https://www.gsmarena.com/gigabyte-phones-47.php
Brand Page: 1
Total Page: 44
Brand: Emporia : URL: https://www.gsmarena.com/emporia-phones-93.php
Brand Page: 1
Total Page: 45
Next Page not found
Brand: Celkon : URL: https://www.gsmarena.com/celkon-phones-75.php
Brand Page: 1
Total Page: 46
Brand: Coolpad : URL: https://www.gsmarena.com/coolpad-phones-105.php
Brand Page: 1
Total Page: 47
Next Page not found
Brand: OnePlus : URL: https://www.gsmarena.com/oneplus-phones-95.php
Brand Page: 1
Total Page: 48
Next Page not found
Brand: Oppo : URL: https://www.gsmarena.com/oppo-phones-82.php
Brand Page: 1
Total Page: 49
Brand: Realme : URL: https://www.gsmarena.com/realme-phones-118.php
Brand Page: 1
Total Page: 50
Next Page not found
Brand: Huawei : URL: https://www.gsmarena.com/huawei-phones-58.php
Brand Page: 1
Total Page: 51
Brand: Samsung : URL: https://www.gsmarena.com/samsung-phones-9.php
Brand Page: 1
Total Page: 52
Brand: LG : URL: https://www.gsmarena.com/lg-phones-20.php
Brand Page: 1
Total Page: 53
Brand: Xiaomi : URL: https://www.gsmarena.com/xiaomi-phones-80.php
Brand Page: 1
Total Page: 54
Brand: Motorola : URL: https://www.gsmarena.com/motorola-phones-4.php
Brand Page: 1
Total Page: 55
Brand: Sony : URL: https://www.gsmarena.com/sony-phones-7.php
Brand Page: 1
Total Page: 56
Brand: ZTE : URL: https://www.gsmarena.com/zte-phones-62.php
Brand Page: 1
Total Page: 57
Brand: Honor : URL: https://www.gsmarena.com/honor-phones-121.php
Brand Page: 1
Total Page: 58
Brand: Google : URL: https://www.gsmarena.com/google-phones-107.php
Brand Page: 1
Total Page: 59
Next Page not found
Brand: Nokia : URL: https://www.gsmarena.com/nokia-phones-1.php
Brand Page: 1
Total Page: 60
Brand: Microsoft : URL: https://www.gsmarena.com/microsoft-phones-64.php
Brand Page: 1
Total Page: 61
Next Page not found
Brand: Pantech : URL: https://www.gsmarena.com/pantech-phones-32.php
Brand Page: 1
Total Page: 62
Brand: HTC : URL: https://www.gsmarena.com/htc-phones-45.php
Brand Page: 1
Total Page: 63
Brand: XOLO : URL: https://www.gsmarena.com/xolo-phones-85.php
Brand Page: 1
Total Page: 64
Brand: Parla : URL: https://www.gsmarena.com/parla-phones-81.php
Brand Page: 1
Total Page: 65
Next Page not found
Brand: Siemens : URL: https://www.gsmarena.com/siemens-phones-3.php
Brand Page: 1
Total Page: 66
Brand: LeEco : URL: https://www.gsmarena.com/leeco-phones-109.php
Brand Page: 1
Total Page: 67
Next Page not found
Brand: Intex : URL: https://www.gsmarena.com/intex-phones-102.php
Brand Page: 1
Total Page: 68
Next Page not found
Brand: Qtek : URL: https://www.gsmarena.com/qtek-phones-38.php
Brand Page: 1
Total Page: 69
Next Page not found
Brand: Orange : URL: https://www.gsmarena.com/orange-phones-71.php
Brand Page: 1
Total Page: 70
Next Page not found
Brand: Haier : URL: https://www.gsmarena.com/haier-phones-33.php
Brand Page: 1
Total Page: 71
Brand: NIU : URL: https://www.gsmarena.com/niu-phones-79.php
Brand Page: 1
Total Page: 72
Next Page not found
Brand: Panasonic : URL: https://www.gsmarena.com/panasonic-phones-6.php
Brand Page: 1
Total Page: 73
Brand: Micromax : URL: https://www.gsmarena.com/micromax-phones-66.php
Brand Page: 1
Total Page: 74
Brand: Icemobile : URL: https://www.gsmarena.com/icemobile-phones-69.php
Brand Page: 1
Total Page: 75
Brand: Maxon : URL: https://www.gsmarena.com/maxon-phones-14.php
Brand Page: 1
Total Page: 76
Brand: Karbonn : URL: https://www.gsmarena.com/karbonn-phones-83.php
Brand Page: 1
Total Page: 77
Brand: Maxwest : URL: https://www.gsmarena.com/maxwest-phones-87.php
Brand Page: 1
Total Page: 78
Brand: Posh : URL: https://www.gsmarena.com/posh-phones-101.php
Brand Page: 1
Total Page: 79
Next Page not found
Brand: i-mobile : URL: https://www.gsmarena.com/i_mobile-phones-52.php
Brand Page: 1
Total Page: 80
Next Page not found
Brand: Sonim : URL: https://www.gsmarena.com/sonim-phones-54.php
Brand Page: 1
Total Page: 81
Next Page not found
Brand: XCute : URL: https://www.gsmarena.com/xcute-phones-43.php
Brand Page: 1
Total Page: 82
Next Page not found
Brand: Sharp : URL: https://www.gsmarena.com/sharp-phones-23.php
Brand Page: 1
Total Page: 83
Brand: YU : URL: https://www.gsmarena.com/yu-phones-100.php
Brand Page: 1
Total Page: 84
Next Page not found
Brand: Palm : URL: https://www.gsmarena.com/palm-phones-27.php
Brand Page: 1
Total Page: 85
Brand: Sony Ericsson : URL: https://www.gsmarena.com/sony_ericsson-phones-19.php
Brand Page: 1
Total Page: 86
Brand: NEC : URL: https://www.gsmarena.com/nec-phones-12.php
Brand Page: 1
Total Page: 87
Brand: O2 : URL: https://www.gsmarena.com/o2-phones-30.php
Brand Page: 1
Total Page: 88
Brand: Yezz : URL: https://www.gsmarena.com/yezz-phones-78.php
Brand Page: 1
Total Page: 89
Brand: Yota : URL: https://www.gsmarena.com/yota-phones-99.php
Brand Page: 1
Total Page: 90
Next Page not found
Brand: Plum : URL: https://www.gsmarena.com/plum-phones-72.php
Brand Page: 1
Total Page: 91
Brand: Sendo : URL: https://www.gsmarena.com/sendo-phones-18.php
Brand Page: 1
Total Page: 92
Next Page not found
Brand: Sagem : URL: https://www.gsmarena.com/sagem-phones-13.php
Brand Page: 1
Total Page: 93
Brand: QMobile : URL: https://www.gsmarena.com/qmobile-phones-103.php
Brand Page: 1
Total Page: 94
Brand: Philips : URL: https://www.gsmarena.com/philips-phones-11.php
Brand Page: 1
Total Page: 95
Brand: Infinix : URL: https://www.gsmarena.com/infinix-phones-119.php
Brand Page: 1
Total Page: 96
Brand: Kyocera : URL: https://www.gsmarena.com/kyocera-phones-17.php
Brand Page: 1
Total Page: 97
Next Page not found
Brand: Lava : URL: https://www.gsmarena.com/lava-phones-94.php
Brand Page: 1
Total Page: 98
Brand: Prestigio : URL: https://www.gsmarena.com/prestigio-phones-86.php
Brand Page: 1
Total Page: 99
Brand: Mitsubishi : URL: https://www.gsmarena.com/mitsubishi-phones-8.php
Brand Page: 1
Total Page: 100
Brand: Sewon : URL: https://www.gsmarena.com/sewon-phones-26.php
Brand Page: 1
Total Page: 101
Brand: Wiko : URL: https://www.gsmarena.com/wiko-phones-96.php
Brand Page: 1
Total Page: 102
Brand: vivo : URL: https://www.gsmarena.com/vivo-phones-98.php
Brand Page: 1
Total Page: 103
Brand: Apple : URL: https://www.gsmarena.com/apple-phones-f-48-0-p2.php
Brand Page: 2
Total Page: 104
Brand: VK Mobile : URL: https://www.gsmarena.com/vk_mobile-phones-37.php
Brand Page: 1
Total Page: 105
Next Page not found
Brand: Vodafone : URL: https://www.gsmarena.com/vodafone-phones-53.php
Brand Page: 1
Total Page: 106
Brand: verykool : URL: https://www.gsmarena.com/verykool-phones-70.php
Brand Page: 1
Total Page: 107
Brand: Vertu : URL: https://www.gsmarena.com/vertu-phones-39.php
Brand Page: 1
Total Page: 108
Next Page not found
Brand: Unnecto : URL: https://www.gsmarena.com/unnecto-phones-91.php
Brand Page: 1
Total Page: 109
Next Page not found
Brand: Ulefone : URL: https://www.gsmarena.com/ulefone-phones-124.php
Brand Page: 1
Total Page: 110
Next Page not found
Brand: Tel.Me. : URL: https://www.gsmarena.com/tel_me_-phones-21.php
Brand Page: 1
Total Page: 111
Next Page not found
Brand: TCL : URL: https://www.gsmarena.com/tcl-phones-123.php
Brand Page: 1
Total Page: 112
Next Page not found
Brand: Toshiba : URL: https://www.gsmarena.com/toshiba-phones-44.php
Brand Page: 1
Total Page: 113
Next Page not found
Brand: Thuraya : URL: https://www.gsmarena.com/thuraya-phones-49.php
Brand Page: 1
Total Page: 114
Next Page not found
Brand: Telit : URL: https://www.gsmarena.com/telit-phones-16.php
Brand Page: 1
Total Page: 115
Next Page not found
Brand: Spice : URL: https://www.gsmarena.com/spice-phones-68.php
Brand Page: 1
Total Page: 116
Brand: TECNO : URL: https://www.gsmarena.com/tecno-phones-120.php
Brand Page: 1
Total Page: 117
Brand: T-Mobile : URL: https://www.gsmarena.com/t_mobile-phones-55.php
Brand Page: 1
Total Page: 118
Brand: Meizu : URL: https://www.gsmarena.com/meizu-phones-f-74-0-p2.php
Brand Page: 2
Total Page: 119
Brand: BlackBerry : URL: https://www.gsmarena.com/blackberry-phones-f-36-0-p2.php
Brand Page: 2
Total Page: 120
Brand: Asus : URL: https://www.gsmarena.com/asus-phones-f-46-0-p2.php
Brand Page: 2
Total Page: 121
Brand: HP : URL: https://www.gsmarena.com/hp-phones-f-41-0-p2.php
Brand Page: 2
Total Page: 122
Brand: BenQ : URL: https://www.gsmarena.com/benq-phones-f-31-0-p2.php
Brand Page: 2
Total Page: 123
Brand: Gigabyte : URL: https://www.gsmarena.com/gigabyte-phones-f-47-0-p2.php
Brand Page: 2
Total Page: 124
Brand: Eten : URL: https://www.gsmarena.com/eten-phones-f-40-0-p2.php
Brand Page: 2
Total Page: 125
Brand: Archos : URL: https://www.gsmarena.com/archos-phones-f-90-0-p2.php
Brand Page: 2
Total Page: 126
Brand: Acer : URL: https://www.gsmarena.com/acer-phones-f-59-0-p2.php
Brand Page: 2
Total Page: 127
Brand: Amoi : URL: https://www.gsmarena.com/amoi-phones-f-28-0-p2.php
Brand Page: 2
Total Page: 128
Brand: Bird : URL: https://www.gsmarena.com/bird-phones-f-34-0-p2.php
Brand Page: 2
Total Page: 129
Brand: Energizer : URL: https://www.gsmarena.com/energizer-phones-f-106-0-p2.php
Brand Page: 2
Total Page: 130
Brand: Allview : URL: https://www.gsmarena.com/allview-phones-f-88-0-p2.php
Brand Page: 2
Total Page: 131
Brand: Gionee : URL: https://www.gsmarena.com/gionee-phones-f-92-0-p2.php
Brand Page: 2
Total Page: 132
Brand: Huawei : URL: https://www.gsmarena.com/huawei-phones-f-58-0-p2.php
Brand Page: 2
Total Page: 133
Brand: Oppo : URL: https://www.gsmarena.com/oppo-phones-f-82-0-p2.php
Brand Page: 2
Total Page: 134
Brand: Honor : URL: https://www.gsmarena.com/honor-phones-f-121-0-p2.php
Brand Page: 2
Total Page: 135
Brand: Xiaomi : URL: https://www.gsmarena.com/xiaomi-phones-f-80-0-p2.php
Brand Page: 2
Total Page: 136
Brand: Sony : URL: https://www.gsmarena.com/sony-phones-f-7-0-p2.php
Brand Page: 2
Total Page: 137
Brand: ZTE : URL: https://www.gsmarena.com/zte-phones-f-62-0-p2.php
Brand Page: 2
Total Page: 138
Brand: Nokia : URL: https://www.gsmarena.com/nokia-phones-f-1-0-p2.php
Brand Page: 2
Total Page: 139
Brand: Motorola : URL: https://www.gsmarena.com/motorola-phones-f-4-0-p2.php
Brand Page: 2
Total Page: 140
Brand: Pantech : URL: https://www.gsmarena.com/pantech-phones-f-32-0-p2.php
Brand Page: 2
Total Page: 141
Brand: Lenovo : URL: https://www.gsmarena.com/lenovo-phones-f-73-0-p2.php
Brand Page: 2
Total Page: 142
Brand: XOLO : URL: https://www.gsmarena.com/xolo-phones-f-85-0-p2.php
Brand Page: 2
Total Page: 143
Brand: BLU : URL: https://www.gsmarena.com/blu-phones-f-67-0-p2.php
Brand Page: 2
Total Page: 144
Brand: Celkon : URL: https://www.gsmarena.com/celkon-phones-f-75-0-p2.php
Brand Page: 2
Total Page: 145
Brand: alcatel : URL: https://www.gsmarena.com/alcatel-phones-f-5-0-p2.php
Brand Page: 2
Total Page: 146
Brand: HTC : URL: https://www.gsmarena.com/htc-phones-f-45-0-p2.php
Brand Page: 2
Total Page: 147
Brand: LG : URL: https://www.gsmarena.com/lg-phones-f-20-0-p2.php
Brand Page: 2
Total Page: 148
Brand: vivo : URL: https://www.gsmarena.com/vivo-phones-f-98-0-p2.php
Brand Page: 2
Total Page: 149
Brand: O2 : URL: https://www.gsmarena.com/o2-phones-f-30-0-p2.php
Brand Page: 2
Total Page: 150
Brand: Mitsubishi : URL: https://www.gsmarena.com/mitsubishi-phones-f-8-0-p2.php
Brand Page: 2
Total Page: 151
Brand: Vodafone : URL: https://www.gsmarena.com/vodafone-phones-f-53-0-p2.php
Brand Page: 2
Total Page: 152
Brand: Maxwest : URL: https://www.gsmarena.com/maxwest-phones-f-87-0-p2.php
Brand Page: 2
Total Page: 153
Brand: NEC : URL: https://www.gsmarena.com/nec-phones-f-12-0-p2.php
Brand Page: 2
Total Page: 154
Brand: Infinix : URL: https://www.gsmarena.com/infinix-phones-f-119-0-p2.php
Brand Page: 2
Total Page: 155
Brand: Prestigio : URL: https://www.gsmarena.com/prestigio-phones-f-86-0-p2.php
Brand Page: 2
Total Page: 156
Brand: Siemens : URL: https://www.gsmarena.com/siemens-phones-f-3-0-p2.php
Brand Page: 2
Total Page: 157
Brand: Lava : URL: https://www.gsmarena.com/lava-phones-f-94-0-p2.php
Brand Page: 2
Total Page: 158
Brand: Sewon : URL: https://www.gsmarena.com/sewon-phones-f-26-0-p2.php
Brand Page: 2
Total Page: 159
Brand: Sharp : URL: https://www.gsmarena.com/sharp-phones-f-23-0-p2.php
Brand Page: 2
Total Page: 160
Brand: Panasonic : URL: https://www.gsmarena.com/panasonic-phones-f-6-0-p2.php
Brand Page: 2
Total Page: 161
Brand: Karbonn : URL: https://www.gsmarena.com/karbonn-phones-f-83-0-p2.php
Brand Page: 2
Total Page: 162
Brand: Palm : URL: https://www.gsmarena.com/palm-phones-f-27-0-p2.php
Brand Page: 2
Total Page: 163
Brand: Samsung : URL: https://www.gsmarena.com/samsung-phones-f-9-0-p2.php
Brand Page: 2
Total Page: 164
Brand: Sagem : URL: https://www.gsmarena.com/sagem-phones-f-13-0-p2.php
Brand Page: 2
Total Page: 165
Brand: Micromax : URL: https://www.gsmarena.com/micromax-phones-f-66-0-p2.php
Brand Page: 2
Total Page: 166
Brand: Maxon : URL: https://www.gsmarena.com/maxon-phones-f-14-0-p2.php
Brand Page: 2
Total Page: 167
Brand: QMobile : URL: https://www.gsmarena.com/qmobile-phones-f-103-0-p2.php
Brand Page: 2
Total Page: 168
Brand: Yezz : URL: https://www.gsmarena.com/yezz-phones-f-78-0-p2.php
Brand Page: 2
Total Page: 169

Model: Galaxy A21s
Total Page: 170
Brand: Haier : URL: https://www.gsmarena.com/haier-phones-f-33-0-p2.php
Brand Page: 2
Total Page: 171
Brand: Philips : URL: https://www.gsmarena.com/philips-phones-f-11-0-p2.php
Brand Page: 2
Total Page: 172
Brand: Wiko : URL: https://www.gsmarena.com/wiko-phones-f-96-0-p2.php
Brand Page: 2
Total Page: 173
Brand: Icemobile : URL: https://www.gsmarena.com/icemobile-phones-f-69-0-p2.php
Brand Page: 2
Total Page: 174
Brand: Plum : URL: https://www.gsmarena.com/plum-phones-f-72-0-p2.php
Brand Page: 2
Total Page: 175
Brand: Sony Ericsson : URL: https://www.gsmarena.com/sony_ericsson-phones-f-19-0-p2.php
Brand Page: 2
Total Page: 176
Brand: verykool : URL: https://www.gsmarena.com/verykool-phones-f-70-0-p2.php
Brand Page: 2
Total Page: 177
Brand: BlackBerry : URL: https://www.gsmarena.com/blackberry-phones-f-36-0-p3.php
Brand Page: 3
Total Page: 178
Brand: Spice : URL: https://www.gsmarena.com/spice-phones-f-68-0-p2.php
Brand Page: 2
Total Page: 179
Brand: T-Mobile : URL: https://www.gsmarena.com/t_mobile-phones-f-55-0-p2.php
Brand Page: 2
Total Page: 180
Brand: TECNO : URL: https://www.gsmarena.com/tecno-phones-f-120-0-p2.php
Brand Page: 2
Total Page: 181
Brand: Asus : URL: https://www.gsmarena.com/asus-phones-f-46-0-p3.php
Brand Page: 3
Total Page: 182
Brand: Acer : URL: https://www.gsmarena.com/acer-phones-f-59-0-p3.php
Brand Page: 3
Total Page: 183
Brand: Bird : URL: https://www.gsmarena.com/bird-phones-f-34-0-p3.php
Brand Page: 3
Total Page: 184
Brand: Allview : URL: https://www.gsmarena.com/allview-phones-f-88-0-p3.php
Brand Page: 3
Total Page: 185
Brand: Honor : URL: https://www.gsmarena.com/honor-phones-f-121-0-p3.php
Brand Page: 3
Total Page: 186
Brand: Pantech : URL: https://www.gsmarena.com/pantech-phones-f-32-0-p3.php
Brand Page: 3
Total Page: 187
Brand: Lenovo : URL: https://www.gsmarena.com/lenovo-phones-f-73-0-p3.php
Brand Page: 3
Total Page: 188
Brand: Huawei : URL: https://www.gsmarena.com/huawei-phones-f-58-0-p3.php
Brand Page: 3
Total Page: 189
Brand: Oppo : URL: https://www.gsmarena.com/oppo-phones-f-82-0-p3.php
Brand Page: 3
Total Page: 190
Brand: Motorola : URL: https://www.gsmarena.com/motorola-phones-f-4-0-p3.php
Brand Page: 3
Total Page: 191
Brand: Xiaomi : URL: https://www.gsmarena.com/xiaomi-phones-f-80-0-p3.php
Brand Page: 3
Total Page: 192
Brand: Sony : URL: https://www.gsmarena.com/sony-phones-f-7-0-p3.php
Brand Page: 3
Total Page: 193
Brand: Asus : URL: https://www.gsmarena.com/asus-phones-f-46-0-p4.php
Brand Page: 4
Total Page: 194
Brand: LG : URL: https://www.gsmarena.com/lg-phones-f-20-0-p3.php
Brand Page: 3
Total Page: 195
Brand: ZTE : URL: https://www.gsmarena.com/zte-phones-f-62-0-p3.php
Brand Page: 3
Total Page: 196
Brand: Nokia : URL: https://www.gsmarena.com/nokia-phones-f-1-0-p3.php
Brand Page: 3
Total Page: 197
Brand: HTC : URL: https://www.gsmarena.com/htc-phones-f-45-0-p3.php
Brand Page: 3
Total Page: 198
Brand: vivo : URL: https://www.gsmarena.com/vivo-phones-f-98-0-p3.php
Brand Page: 3
Total Page: 199
Brand: Celkon : URL: https://www.gsmarena.com/celkon-phones-f-75-0-p3.php
Brand Page: 3
Total Page: 200
Brand: Siemens : URL: https://www.gsmarena.com/siemens-phones-f-3-0-p3.php
Brand Page: 3
Total Page: 201
Brand: Yezz : URL: https://www.gsmarena.com/yezz-phones-f-78-0-p3.php
Brand Page: 3
Total Page: 202
Brand: Sharp : URL: https://www.gsmarena.com/sharp-phones-f-23-0-p3.php
Brand Page: 3
Total Page: 203
Brand: Haier : URL: https://www.gsmarena.com/haier-phones-f-33-0-p3.php
Brand Page: 3
Total Page: 204
Brand: Spice : URL: https://www.gsmarena.com/spice-phones-f-68-0-p3.php
Brand Page: 3
Total Page: 205
Brand: Lava : URL: https://www.gsmarena.com/lava-phones-f-94-0-p3.php
Brand Page: 3
Total Page: 206
Brand: Sagem : URL: https://www.gsmarena.com/sagem-phones-f-13-0-p3.php
Brand Page: 3
Total Page: 207
Brand: Plum : URL: https://www.gsmarena.com/plum-phones-f-72-0-p3.php
Brand Page: 3
Total Page: 208
Brand: alcatel : URL: https://www.gsmarena.com/alcatel-phones-f-5-0-p3.php
Brand Page: 3
Total Page: 209
Brand: verykool : URL: https://www.gsmarena.com/verykool-phones-f-70-0-p3.php
Brand Page: 3
Total Page: 210
Brand: Vodafone : URL: https://www.gsmarena.com/vodafone-phones-f-53-0-p3.php
Brand Page: 3
Total Page: 211
Brand: Sony Ericsson : URL: https://www.gsmarena.com/sony_ericsson-phones-f-19-0-p3.php
Brand Page: 3
Total Page: 212
Brand: Philips : URL: https://www.gsmarena.com/philips-phones-f-11-0-p3.php
Brand Page: 3
Total Page: 213
Brand: Micromax : URL: https://www.gsmarena.com/micromax-phones-f-66-0-p3.php
Brand Page: 3
Total Page: 214
Brand: QMobile : URL: https://www.gsmarena.com/qmobile-phones-f-103-0-p3.php
Brand Page: 3
Total Page: 215
Brand: Panasonic : URL: https://www.gsmarena.com/panasonic-phones-f-6-0-p3.php
Brand Page: 3
Total Page: 216
Brand: BLU : URL: https://www.gsmarena.com/blu-phones-f-67-0-p3.php
Brand Page: 3
Total Page: 217
Brand: Samsung : URL: https://www.gsmarena.com/samsung-phones-f-9-0-p3.php
Brand Page: 3
Total Page: 218
Brand: Allview : URL: https://www.gsmarena.com/allview-phones-f-88-0-p4.php
Brand Page: 4
Total Page: 219
Brand: Lenovo : URL: https://www.gsmarena.com/lenovo-phones-f-73-0-p4.php
Brand Page: 4
Total Page: 220
Brand: Honor : URL: https://www.gsmarena.com/honor-phones-f-121-0-p4.php
Brand Page: 4
Total Page: 221
Brand: Xiaomi : URL: https://www.gsmarena.com/xiaomi-phones-f-80-0-p4.php
Brand Page: 4
Total Page: 222
Brand: Oppo : URL: https://www.gsmarena.com/oppo-phones-f-82-0-p4.php
Brand Page: 4
Total Page: 223
Brand: Sony : URL: https://www.gsmarena.com/sony-phones-f-7-0-p4.php
Brand Page: 4
Total Page: 224
Brand: vivo : URL: https://www.gsmarena.com/vivo-phones-f-98-0-p4.php
Brand Page: 4
Total Page: 225
Brand: Huawei : URL: https://www.gsmarena.com/huawei-phones-f-58-0-p4.php
Brand Page: 4
Total Page: 226
Brand: Asus : URL: https://www.gsmarena.com/asus-phones-f-46-0-p5.php
Brand Page: 5
Total Page: 227
Brand: LG : URL: https://www.gsmarena.com/lg-phones-f-20-0-p4.php
Brand Page: 4
Total Page: 228
Brand: HTC : URL: https://www.gsmarena.com/htc-phones-f-45-0-p4.php
Brand Page: 4
Total Page: 229
Brand: Motorola : URL: https://www.gsmarena.com/motorola-phones-f-4-0-p4.php
Brand Page: 4
Total Page: 230
Brand: Nokia : URL: https://www.gsmarena.com/nokia-phones-f-1-0-p4.php
Brand Page: 4
Total Page: 231
Brand: ZTE : URL: https://www.gsmarena.com/zte-phones-f-62-0-p4.php
Brand Page: 4
Total Page: 232
Brand: Micromax : URL: https://www.gsmarena.com/micromax-phones-f-66-0-p4.php
Brand Page: 4
Total Page: 233
Brand: alcatel : URL: https://www.gsmarena.com/alcatel-phones-f-5-0-p4.php
Brand Page: 4
Total Page: 234
Brand: Sharp : URL: https://www.gsmarena.com/sharp-phones-f-23-0-p4.php
Brand Page: 4
Total Page: 235
Brand: Lenovo : URL: https://www.gsmarena.com/lenovo-phones-f-73-0-p5.php
Brand Page: 5
Total Page: 236
Brand: Haier : URL: https://www.gsmarena.com/haier-phones-f-33-0-p4.php
Brand Page: 4
Total Page: 237
Brand: verykool : URL: https://www.gsmarena.com/verykool-phones-f-70-0-p4.php
Brand Page: 4
Total Page: 238
Brand: Vodafone : URL: https://www.gsmarena.com/vodafone-phones-f-53-0-p4.php
Brand Page: 4
Total Page: 239
Brand: Celkon : URL: https://www.gsmarena.com/celkon-phones-f-75-0-p4.php
Brand Page: 4
Total Page: 240
Brand: Philips : URL: https://www.gsmarena.com/philips-phones-f-11-0-p4.php
Brand Page: 4
Total Page: 241
Brand: Panasonic : URL: https://www.gsmarena.com/panasonic-phones-f-6-0-p4.php
Brand Page: 4
Total Page: 242
Brand: Sony Ericsson : URL: https://www.gsmarena.com/sony_ericsson-phones-f-19-0-p4.php
Brand Page: 4
Total Page: 243
Brand: BLU : URL: https://www.gsmarena.com/blu-phones-f-67-0-p4.php
Brand Page: 4
Total Page: 244
Brand: Samsung : URL: https://www.gsmarena.com/samsung-phones-f-9-0-p4.php
Brand Page: 4
Total Page: 245
Brand: Huawei : URL: https://www.gsmarena.com/huawei-phones-f-58-0-p5.php
Brand Page: 5
Total Page: 246
Brand: Sony : URL: https://www.gsmarena.com/sony-phones-f-7-0-p5.php
Brand Page: 5
Total Page: 247
Brand: LG : URL: https://www.gsmarena.com/lg-phones-f-20-0-p5.php
Brand Page: 5
Total Page: 248
Brand: ZTE : URL: https://www.gsmarena.com/zte-phones-f-62-0-p5.php
Brand Page: 5
Total Page: 249
Brand: Nokia : URL: https://www.gsmarena.com/nokia-phones-f-1-0-p5.php
Brand Page: 5
Total Page: 250
Brand: Motorola : URL: https://www.gsmarena.com/motorola-phones-f-4-0-p5.php
Brand Page: 5
Total Page: 251
Brand: HTC : URL: https://www.gsmarena.com/htc-phones-f-45-0-p5.php
Brand Page: 5
Total Page: 252
Brand: alcatel : URL: https://www.gsmarena.com/alcatel-phones-f-5-0-p5.php
Brand Page: 5
Total Page: 253
Brand: Micromax : URL: https://www.gsmarena.com/micromax-phones-f-66-0-p5.php
Brand Page: 5
Total Page: 254
Brand: BLU : URL: https://www.gsmarena.com/blu-phones-f-67-0-p5.php
Brand Page: 5
Total Page: 255
Brand: Philips : URL: https://www.gsmarena.com/philips-phones-f-11-0-p5.php
Brand Page: 5
Total Page: 256
Brand: Celkon : URL: https://www.gsmarena.com/celkon-phones-f-75-0-p5.php
Brand Page: 5
Total Page: 257
Brand: Panasonic : URL: https://www.gsmarena.com/panasonic-phones-f-6-0-p5.php
Brand Page: 5
Total Page: 258
Brand: Samsung : URL: https://www.gsmarena.com/samsung-phones-f-9-0-p5.php
Brand Page: 5
Total Page: 259
Brand: Huawei : URL: https://www.gsmarena.com/huawei-phones-f-58-0-p6.php
Brand Page: 6
Total Page: 260
Brand: LG : URL: https://www.gsmarena.com/lg-phones-f-20-0-p6.php
Brand Page: 6
Total Page: 261
Brand: ZTE : URL: https://www.gsmarena.com/zte-phones-f-62-0-p6.php
Brand Page: 6
Total Page: 262
Brand: Motorola : URL: https://www.gsmarena.com/motorola-phones-f-4-0-p6.php
Brand Page: 6
Total Page: 263
Brand: Nokia : URL: https://www.gsmarena.com/nokia-phones-f-1-0-p6.php
Brand Page: 6
Total Page: 264
Brand: HTC : URL: https://www.gsmarena.com/htc-phones-f-45-0-p6.php
Brand Page: 6
Total Page: 265
Brand: Micromax : URL: https://www.gsmarena.com/micromax-phones-f-66-0-p6.php
Brand Page: 6
Total Page: 266
Brand: alcatel : URL: https://www.gsmarena.com/alcatel-phones-f-5-0-p6.php
Brand Page: 6
Total Page: 267
Brand: Celkon : URL: https://www.gsmarena.com/celkon-phones-f-75-0-p6.php
Brand Page: 6
Total Page: 268
Brand: Philips : URL: https://www.gsmarena.com/philips-phones-f-11-0-p6.php
Brand Page: 6
Total Page: 269
Brand: BLU : URL: https://www.gsmarena.com/blu-phones-f-67-0-p6.php
Brand Page: 6
Total Page: 270
Brand: Samsung : URL: https://www.gsmarena.com/samsung-phones-f-9-0-p6.php
Brand Page: 6
Total Page: 271
Brand: Huawei : URL: https://www.gsmarena.com/huawei-phones-f-58-0-p7.php
Brand Page: 7
Total Page: 272
Brand: ZTE : URL: https://www.gsmarena.com/zte-phones-f-62-0-p7.php
Brand Page: 7
Total Page: 273
Brand: LG : URL: https://www.gsmarena.com/lg-phones-f-20-0-p7.php
Brand Page: 7
Total Page: 274
Brand: HTC : URL: https://www.gsmarena.com/htc-phones-f-45-0-p7.php
Brand Page: 7
Total Page: 275
Brand: Micromax : URL: https://www.gsmarena.com/micromax-phones-f-66-0-p7.php
Brand Page: 7
Total Page: 276
Brand: Motorola : URL: https://www.gsmarena.com/motorola-phones-f-4-0-p7.php
Brand Page: 7
Total Page: 277
Brand: Nokia : URL: https://www.gsmarena.com/nokia-phones-f-1-0-p7.php
Brand Page: 7
Total Page: 278
Brand: alcatel : URL: https://www.gsmarena.com/alcatel-phones-f-5-0-p7.php
Brand Page: 7
Total Page: 279
Brand: BLU : URL: https://www.gsmarena.com/blu-phones-f-67-0-p7.php
Brand Page: 7
Total Page: 280
Brand: Philips : URL: https://www.gsmarena.com/philips-phones-f-11-0-p7.php
Brand Page: 7
Total Page: 281
Brand: Samsung : URL: https://www.gsmarena.com/samsung-phones-f-9-0-p7.php
Brand Page: 7
Total Page: 282
Brand: Huawei : URL: https://www.gsmarena.com/huawei-phones-f-58-0-p8.php
Brand Page: 8
Total Page: 283
Brand: LG : URL: https://www.gsmarena.com/lg-phones-f-20-0-p8.php
Brand Page: 8
Total Page: 284
Brand: Nokia : URL: https://www.gsmarena.com/nokia-phones-f-1-0-p8.php
Brand Page: 8
Total Page: 285
Brand: Motorola : URL: https://www.gsmarena.com/motorola-phones-f-4-0-p8.php
Brand Page: 8
Total Page: 286
Brand: Philips : URL: https://www.gsmarena.com/philips-phones-f-11-0-p8.php
Brand Page: 8
Total Page: 287
Brand: alcatel : URL: https://www.gsmarena.com/alcatel-phones-f-5-0-p8.php
Brand Page: 8
Total Page: 288
Brand: BLU : URL: https://www.gsmarena.com/blu-phones-f-67-0-p8.php
Brand Page: 8
Total Page: 289
Brand: Samsung : URL: https://www.gsmarena.com/samsung-phones-f-9-0-p8.php
Brand Page: 8
Total Page: 290
Brand: Motorola : URL: https://www.gsmarena.com/motorola-phones-f-4-0-p9.php
Brand Page: 9
Total Page: 291
Brand: LG : URL: https://www.gsmarena.com/lg-phones-f-20-0-p9.php
Brand Page: 9
Total Page: 292
Brand: Nokia : URL: https://www.gsmarena.com/nokia-phones-f-1-0-p9.php
Brand Page: 9
Total Page: 293
Brand: alcatel : URL: https://www.gsmarena.com/alcatel-phones-f-5-0-p9.php
Brand Page: 9
Total Page: 294
Brand: Samsung : URL: https://www.gsmarena.com/samsung-phones-f-9-0-p9.php
Brand Page: 9
Total Page: 295
Brand: LG : URL: https://www.gsmarena.com/lg-phones-f-20-0-p10.php
Brand Page: 10
Total Page: 296
Brand: Motorola : URL: https://www.gsmarena.com/motorola-phones-f-4-0-p10.php
Brand Page: 10
Total Page: 297
Brand: Nokia : URL: https://www.gsmarena.com/nokia-phones-f-1-0-p10.php
Brand Page: 10
Total Page: 298
Brand: alcatel : URL: https://www.gsmarena.com/alcatel-phones-f-5-0-p10.php
Brand Page: 10
Total Page: 299
Brand: Samsung : URL: https://www.gsmarena.com/samsung-phones-f-9-0-p10.php
Brand Page: 10
Total Page: 300
Brand: Nokia : URL: https://www.gsmarena.com/nokia-phones-f-1-0-p11.php
Brand Page: 11
Total Page: 301
Brand: LG : URL: https://www.gsmarena.com/lg-phones-f-20-0-p11.php
Brand Page: 11
Total Page: 302
Brand: Samsung : URL: https://www.gsmarena.com/samsung-phones-f-9-0-p11.php
Brand Page: 11
Total Page: 303
Brand: Nokia : URL: https://www.gsmarena.com/nokia-phones-f-1-0-p12.php
Brand Page: 12
Total Page: 304
Brand: Samsung : URL: https://www.gsmarena.com/samsung-phones-f-9-0-p12.php
Brand Page: 12
Total Page: 305
Brand: Nokia : URL: https://www.gsmarena.com/nokia-phones-f-1-0-p13.php
Brand Page: 13
Total Page: 306
Brand: Samsung : URL: https://www.gsmarena.com/samsung-phones-f-9-0-p13.php
Brand Page: 13
Total Page: 307
Brand: Samsung : URL: https://www.gsmarena.com/samsung-phones-f-9-0-p14.php
Brand Page: 14
Total Page: 308
Brand: Samsung : URL: https://www.gsmarena.com/samsung-phones-f-9-0-p15.php
Brand Page: 15
Total Page: 309

Model: A300
Total Page: 310

Model: A100
Total Page: 311

Model: A400
Total Page: 312

Model: SGH-250
Total Page: 313

Model: N500
Total Page: 314

Model: Galaxy F
Total Page: 315

Model: Galaxy S7 mini
Total Page: 316
