URL: https://www.gsmarena.com/makers.php3
Total Page: 1
Brand: Acer : URL: https://www.gsmarena.com/acer-phones-59.php
Brand Page: 1
Total Page: 2
Brand: Karbonn : URL: https://www.gsmarena.com/karbonn-phones-83.php
Brand Page: 1
Total Page: 3
Brand: Jolla : URL: https://www.gsmarena.com/jolla-phones-84.php
Brand Page: 1
Total Page: 4
Next Page not found
Brand: Lenovo : URL: https://www.gsmarena.com/lenovo-phones-73.php
Brand Page: 1
Total Page: 5
Brand: Kyocera : URL: https://www.gsmarena.com/kyocera-phones-17.php
Brand Page: 1
Total Page: 6
Next Page not found
Brand: Lava : URL: https://www.gsmarena.com/lava-phones-94.php
Brand Page: 1
Total Page: 7
Brand: LeEco : URL: https://www.gsmarena.com/leeco-phones-109.php
Brand Page: 1
Total Page: 8
Next Page not found
Brand: LG : URL: https://www.gsmarena.com/lg-phones-20.php
Brand Page: 1
Total Page: 9
Brand: Intex : URL: https://www.gsmarena.com/intex-phones-102.php
Brand Page: 1
Total Page: 10
Next Page not found
Brand: Innostream : URL: https://www.gsmarena.com/innostream-phones-29.php
Brand Page: 1
Total Page: 11
Next Page not found
Brand: iNQ : URL: https://www.gsmarena.com/inq-phones-60.php
Brand Page: 1
Total Page: 12
Next Page not found
Brand: i-mate : URL: https://www.gsmarena.com/i_mate-phones-35.php
Brand Page: 1
Total Page: 13
Next Page not found
Brand: Infinix : URL: https://www.gsmarena.com/infinix-phones-119.php
Brand Page: 1
Total Page: 14
Brand: Icemobile : URL: https://www.gsmarena.com/icemobile-phones-69.php
Brand Page: 1
Total Page: 15
Brand: i-mobile : URL: https://www.gsmarena.com/i_mobile-phones-52.php
Brand Page: 1
Total Page: 16
Next Page not found
Brand: Huawei : URL: https://www.gsmarena.com/huawei-phones-58.php
Brand Page: 1
Total Page: 17
Brand: ZTE : URL: https://www.gsmarena.com/zte-phones-62.php
Brand Page: 1
Total Page: 18
Brand: Acer : URL: https://www.gsmarena.com/acer-phones-f-59-0-p2.php
Brand Page: 2
Total Page: 19

Model: Liquid X1
Total Page: 20

Model: Liquid E600
Total Page: 21

Model: Liquid E700
Total Page: 22

Model: Liquid Z500
Total Page: 23

Model: Liquid Jade
Total Page: 24
Brand: Karbonn : URL: https://www.gsmarena.com/karbonn-phones-f-83-0-p2.php
Brand Page: 2
Total Page: 25
Brand: LG : URL: https://www.gsmarena.com/lg-phones-f-20-0-p2.php
Brand Page: 2
Total Page: 26

Model: Aqua 4.5E
Total Page: 27

Model: Aqua Speed
Total Page: 28

Model: Aqua Power +
Total Page: 29

Model: Aqua Power
Total Page: 30

Model: Aqua Star 2
Total Page: 31

Model: Aqua Star L
Total Page: 32

Model: 101
Total Page: 33
Brand: Huawei : URL: https://www.gsmarena.com/huawei-phones-f-58-0-p2.php
Brand Page: 2
Total Page: 34
Brand: ZTE : URL: https://www.gsmarena.com/zte-phones-f-62-0-p2.php
Brand Page: 2
Total Page: 35

Model: Enjoy 10 Plus
Total Page: 36

Model: nova 5i Pro
Total Page: 37
Brand: Acer : URL: https://www.gsmarena.com/acer-phones-f-59-0-p3.php
Brand Page: 3
Total Page: 38

Model: nova 5T
Total Page: 39

Model: Watch GT 2
Total Page: 40

Model: Mate 30
Total Page: 41

Model: A30
Total Page: 42
Brand: LG : URL: https://www.gsmarena.com/lg-phones-f-20-0-p3.php
Brand Page: 3
Total Page: 43

Model: Leon
Total Page: 44

Model: G Flex2
Total Page: 45

Model: Joy
Total Page: 46

Model: Spirit
Total Page: 47

Model: Magna
Total Page: 48
Brand: Huawei : URL: https://www.gsmarena.com/huawei-phones-f-58-0-p3.php
Brand Page: 3
Total Page: 49

Model: Watch Urbane LTE
Total Page: 50

Model: G Watch W100
Total Page: 51
Brand: ZTE : URL: https://www.gsmarena.com/zte-phones-f-62-0-p3.php
Brand Page: 3
Total Page: 52

Model: nova 3i
Total Page: 53

Model: P Smart+ 2019
Total Page: 54

Model: Mate 20 lite
Total Page: 55

Model: Y9 (2019)
Total Page: 56

Model: MediaPad T5
Total Page: 57

Model: MediaPad M5 lite
Total Page: 58
Brand: LG : URL: https://www.gsmarena.com/lg-phones-f-20-0-p4.php
Brand Page: 4
Total Page: 59

Model: Vu 3 F300L
Total Page: 60

Model: Mate 20
Total Page: 61

Model: Optimus L2 II E435
Total Page: 62

Model: G Pro Lite Dual
Total Page: 63

Model: G Pro Lite
Total Page: 64

Model: G Flex
Total Page: 65

Model: Fireweb
Total Page: 66

Model: Nexus 5
Total Page: 67
Brand: Huawei : URL: https://www.gsmarena.com/huawei-phones-f-58-0-p4.php
Brand Page: 4
Total Page: 68

Model: Watch 2
Total Page: 69
Brand: ZTE : URL: https://www.gsmarena.com/zte-phones-f-62-0-p4.php
Brand Page: 4
Total Page: 70

Model: Watch 2 Classic
Total Page: 71

Model: Y3 (2017)
Total Page: 72

Model: Y5 (2017)
Total Page: 73

Model: Y6 (2017)
Total Page: 74
Brand: LG : URL: https://www.gsmarena.com/lg-phones-f-20-0-p5.php
Brand Page: 5
Total Page: 75

Model: Y7
Total Page: 76

Model: Optimus L3 E400
Total Page: 77

Model: Optimus LTE Tag
Total Page: 78

Model: Optimus Vu F100S
Total Page: 79

Model: Optimus L5 E610
Total Page: 80

Model: Optimus 3D Cube SU870
Total Page: 81

Model: Optimus L7 P700
Total Page: 82

Model: Optimus 3D Max P720
Total Page: 83
Brand: Huawei : URL: https://www.gsmarena.com/huawei-phones-f-58-0-p5.php
Brand Page: 5
Total Page: 84

Model: Optimus 4X HD P880
Total Page: 85

Model: P8max
Total Page: 86

Model: P8lite
Total Page: 87
Brand: ZTE : URL: https://www.gsmarena.com/zte-phones-f-62-0-p5.php
Brand Page: 5
Total Page: 88

Model: P8lite ALE-L04
Total Page: 89

Model: Y625
Total Page: 90

Model: Y560
Total Page: 91
Brand: LG : URL: https://www.gsmarena.com/lg-phones-f-20-0-p6.php
Brand Page: 6
Total Page: 92

Model: Optimus Chat C550
Total Page: 93

Model: A140
Total Page: 94

Model: A160
Total Page: 95

Model: A165
Total Page: 96

Model: Optimus Pad V900
Total Page: 97

Model: A180
Total Page: 98
Brand: Huawei : URL: https://www.gsmarena.com/huawei-phones-f-58-0-p6.php
Brand Page: 6
Total Page: 99

Model: Optimus 3D P920
Total Page: 100

Model: Thrill 4G P925
Total Page: 101

Model: Ascend G740
Total Page: 102

Model: T315
Total Page: 103

Model: Ascend Y220
Total Page: 104
Brand: ZTE : URL: https://www.gsmarena.com/zte-phones-f-62-0-p6.php
Brand Page: 6
Total Page: 105

Model: Ascend Y320
Total Page: 106

Model: Ascend Mate2 4G
Total Page: 107

Model: MediaPad 7 Youth2
Total Page: 108

Model: Ascend P6 S
Total Page: 109

Model: MediaPad X1
Total Page: 110

Model: Ascend Y530
Total Page: 111
Brand: LG : URL: https://www.gsmarena.com/lg-phones-f-20-0-p7.php
Brand Page: 7
Total Page: 112

Model: GT950 Arena
Total Page: 113

Model: KM570 Cookie Gig
Total Page: 114
Brand: Huawei : URL: https://www.gsmarena.com/huawei-phones-f-58-0-p7.php
Brand Page: 7
Total Page: 115

Model: Optimus Q LU2300
Total Page: 116

Model: GX500
Total Page: 117

Model: Ascend P1
Total Page: 118

Model: Ascend Q M5660
Total Page: 119

Model: Ascend P1 XL U9200E
Total Page: 120
Brand: ZTE : URL: https://www.gsmarena.com/zte-phones-f-62-0-p7.php
Brand Page: 7
Total Page: 121

Model: Ascend G300
Total Page: 122

Model: Ascend G330D U8825D
Total Page: 123

Model: Ascend Y100
Total Page: 124

Model: MediaPad 7 Lite
Total Page: 125

Model: Ascend Y200
Total Page: 126

Model: Ascend G330
Total Page: 127

Model: Ascend G600
Total Page: 128
Brand: LG : URL: https://www.gsmarena.com/lg-phones-f-20-0-p8.php
Brand Page: 8
Total Page: 129

Model: GM730 Eigen
Total Page: 130

Model: KM900 Arena
Total Page: 131

Model: KC560
Total Page: 132

Model: GM200 Brio
Total Page: 133
Brand: Huawei : URL: https://www.gsmarena.com/huawei-phones-f-58-0-p8.php
Brand Page: 8
Total Page: 134

Model: U9000 IDEOS X6
Total Page: 135

Model: IDEOS S7 Slim CDMA
Total Page: 136

Model: U5900s
Total Page: 137

Model: IDEOS S7 Slim
Total Page: 138

Model: G6620
Total Page: 139

Model: U8650 Sonic
Total Page: 140

Model: G6608
Total Page: 141

Model: G7010
Total Page: 142

Model: U8180 IDEOS X1
Total Page: 143

Model: G5500
Total Page: 144
Brand: LG : URL: https://www.gsmarena.com/lg-phones-f-20-0-p9.php
Brand Page: 9
Total Page: 145

Model: G7206
Total Page: 146

Model: KG375
Total Page: 147

Model: KP235
Total Page: 148

Model: U5510
Total Page: 149

Model: KM380
Total Page: 150

Model: KM338
Total Page: 151

Model: G10
Total Page: 152

Model: Mulan
Total Page: 153

Model: T201
Total Page: 154

Model: Ascend W3
Total Page: 155

Model: T552
Total Page: 156

Model: T161L
Total Page: 157

Model: T330
Total Page: 158

Model: T211
Total Page: 159

Model: T261L
Total Page: 160

Model: T208
Total Page: 161

Model: T158
Total Page: 162
Brand: LG : URL: https://www.gsmarena.com/lg-phones-f-20-0-p10.php
Brand Page: 10
Total Page: 163

Model: U900
Total Page: 164

Model: KU730
Total Page: 165

Model: KG195
Total Page: 166

Model: KG920
Total Page: 167

Model: KG270
Total Page: 168

Model: KG200
Total Page: 169

Model: CG180
Total Page: 170

Model: KG300
Total Page: 171

Model: KG320
Total Page: 172

Model: KE600
Total Page: 173

Model: KG810
Total Page: 174

Model: KG330
Total Page: 175

Model: KG800
Total Page: 176

Model: U310
Total Page: 177

Model: U300
Total Page: 178
Brand: LG : URL: https://www.gsmarena.com/lg-phones-f-20-0-p11.php
Brand Page: 11
Total Page: 179

Model: U400
Total Page: 180

Model: F2300
Total Page: 181

Model: CU500
Total Page: 182

Model: F2100
Total Page: 183

Model: G1610
Total Page: 184

Model: G1700
Total Page: 185

Model: C2100
Total Page: 186

Model: G1800
Total Page: 187

Model: A7150
Total Page: 188

Model: C2200
Total Page: 189

Model: L5100
Total Page: 190

Model: F7250
Total Page: 191

Model: F1200
Total Page: 192

Model: F2400
Total Page: 193

Model: B2000
Total Page: 194

Model: B2100
Total Page: 195

Model: B2150
Total Page: 196

Model: G5200
Total Page: 197

Model: U8180
Total Page: 198

Model: G4 Pro
Total Page: 199

Model: Optimus LTE
Total Page: 200

Model: X3
Total Page: 201

Model: E2
Total Page: 202

Model: Fantasy E740
Total Page: 203

Model: LG-500
Total Page: 204

Model: LG-200
Total Page: 205

Model: LG-600
Total Page: 206

Model: LG 510w
Total Page: 207

Model: B1200
Total Page: 208

Model: G3000
Total Page: 209

Model: W3000
Total Page: 210

Model: W5200
Total Page: 211

Model: G7000
Total Page: 212

Model: W7000
Total Page: 213

Model: W7020
Total Page: 214

Model: G7020
Total Page: 215

Model: G8000
Total Page: 216

Model: G5300
Total Page: 217

Model: G5400
Total Page: 218

Model: G5310
Total Page: 219

Model: G1500
Total Page: 220

Model: G7030
Total Page: 221

Model: G7070
Total Page: 222

Model: G7050
Total Page: 223

Model: G7100
Total Page: 224

Model: U8100
Total Page: 225

Model: U8110
Total Page: 226

Model: U8120
Total Page: 227

Model: G5500
Total Page: 228

Model: U8138
Total Page: 229

Model: U8150
Total Page: 230

Model: G7120
Total Page: 231

Model: G7200
Total Page: 232

Model: T5100
Total Page: 233

Model: C1100
Total Page: 234

Model: G1600
Total Page: 235

Model: C1200
Total Page: 236

Model: C1400
Total Page: 237

Model: G3100
Total Page: 238

Model: C3100
Total Page: 239

Model: L1100
Total Page: 240

Model: U8200
Total Page: 241

Model: U8210
Total Page: 242

Model: L3100
Total Page: 243

Model: U8290
Total Page: 244

Model: U8330
Total Page: 245

Model: U8380
Total Page: 246

Model: C3300
Total Page: 247

Model: U8360
Total Page: 248

Model: C3320
Total Page: 249

Model: C3380
Total Page: 250

Model: C3310
Total Page: 251

Model: L341i
Total Page: 252

Model: C3400
Total Page: 253

Model: L342i
Total Page: 254

Model: F2250
Total Page: 255

Model: F2410
Total Page: 256

Model: M4300
Total Page: 257

Model: F3000
Total Page: 258

Model: B2050
Total Page: 259

Model: M4410
Total Page: 260

Model: M4330
Total Page: 261

Model: B2070
Total Page: 262

Model: B2250
Total Page: 263

Model: P7200
Total Page: 264

Model: S5000
Total Page: 265

Model: U880
Total Page: 266

Model: S5100
Total Page: 267

Model: S5200
Total Page: 268

Model: S5300
Total Page: 269

Model: M6100
Total Page: 270

Model: C2500
Total Page: 271

Model: C1150
Total Page: 272

Model: U890
Total Page: 273

Model: U8550
Total Page: 274

Model: C2600
Total Page: 275

Model: KG120
Total Page: 276

Model: KG110
Total Page: 277

Model: KG130
Total Page: 278

Model: KG190
Total Page: 279

Model: KG210
Total Page: 280

Model: KG220
Total Page: 281

Model: V9000
Total Page: 282

Model: KG225
Total Page: 283

Model: KG245
Total Page: 284

Model: KP200
Total Page: 285

Model: KP202
Total Page: 286

Model: L600v
Total Page: 287

Model: KG240
Total Page: 288

Model: KE820
Total Page: 289

Model: KU800
Total Page: 290

Model: L343i
Total Page: 291

Model: U830
Total Page: 292

Model: KE260
Total Page: 293

Model: CE110
Total Page: 294

Model: KE800
Total Page: 295

Model: KU250
Total Page: 296

Model: CU500V
Total Page: 297

Model: KU311
Total Page: 298

Model: CU515
Total Page: 299

Model: Trax CU575
Total Page: 300

Model: CU720 Shine
Total Page: 301

Model: KU950
Total Page: 302

Model: KS10
Total Page: 303

Model: KE770 Shine
Total Page: 304

Model: KU970 Shine
Total Page: 305

Model: KU580
Total Page: 306

Model: KE970 Shine
Total Page: 307

Model: KE850 Prada
Total Page: 308

Model: KE500
Total Page: 309

Model: MG160
Total Page: 310

Model: KG275
Total Page: 311

Model: KE590
Total Page: 312

Model: KG280
Total Page: 313

Model: KE990 Viewty
Total Page: 314

Model: KS20
Total Page: 315

Model: KU990 Viewty
Total Page: 316

Model: KG288
Total Page: 317

Model: U960
Total Page: 318

Model: KU380
Total Page: 319

Model: KG290
Total Page: 320

Model: KP105
Total Page: 321

Model: KU385
Total Page: 322

Model: KP100
Total Page: 323

Model: KP110
Total Page: 324

Model: T156
Total Page: 325

Model: KP130
Total Page: 326

Model: KP215
Total Page: 327

Model: U1310
Total Page: 328

Model: KP220
Total Page: 329

Model: KP210
Total Page: 330

Model: U1000
Total Page: 331

Model: U1100
Total Page: 332

Model: G6600 Passport
Total Page: 333

Model: U1250
Total Page: 334

Model: U3300
Total Page: 335

Model: U121
Total Page: 336

Model: U120
Total Page: 337

Model: U9130 Compass
Total Page: 338

Model: U7310
Total Page: 339

Model: U9150
Total Page: 340

Model: U7510
Total Page: 341

Model: U1270
Total Page: 342

Model: U8230
Total Page: 343

Model: U8220
Total Page: 344

Model: U8100
Total Page: 345

Model: U8110
Total Page: 346

Model: C3200
Total Page: 347

Model: U3100
Total Page: 348

Model: IDEOS S7
Total Page: 349

Model: U8500 IDEOS X2
Total Page: 350

Model: G6150
Total Page: 351

Model: U7520
Total Page: 352

Model: G7002
Total Page: 353

Model: U8300
Total Page: 354

Model: U8510 IDEOS X3
Total Page: 355

Model: U8150 IDEOS
Total Page: 356

Model: U8800 IDEOS X5
Total Page: 357

Model: KM500
Total Page: 358

Model: KM710
Total Page: 359

Model: KF310
Total Page: 360

Model: KF300
Total Page: 361

Model: KM386
Total Page: 362

Model: MG295
Total Page: 363

Model: KT520
Total Page: 364

Model: KF510
Total Page: 365

Model: KF600
Total Page: 366

Model: KP320
Total Page: 367

Model: KT610
Total Page: 368

Model: KF700
Total Page: 369

Model: CU915 Vu
Total Page: 370

Model: KF755 Secret
Total Page: 371

Model: KF750 Secret
Total Page: 372

Model: KC550
Total Page: 373

Model: U370
Total Page: 374

Model: HB620T
Total Page: 375

Model: KF757 Secret
Total Page: 376

Model: KF245
Total Page: 377

Model: KF240
Total Page: 378

Model: KF350
Total Page: 379

Model: KF390
Total Page: 380

Model: KP170
Total Page: 381

Model: KS360
Total Page: 382

Model: GT365 Neon
Total Page: 383

Model: Univa E510
Total Page: 384

Model: KP260
Total Page: 385

Model: KP199
Total Page: 386

Model: KP265
Total Page: 387

Model: CP150
Total Page: 388

Model: KF311
Total Page: 389

Model: KP270
Total Page: 390

Model: KP502 Cookie
Total Page: 391

Model: KC910 Renoir
Total Page: 392

Model: KB770
Total Page: 393

Model: CB630 Invision
Total Page: 394

Model: KP500 Cookie
Total Page: 395

Model: KP501 Cookie
Total Page: 396

Model: KC780
Total Page: 397

Model: KF900 Prada
Total Page: 398

Model: KS500
Total Page: 399

Model: CT810 Incite
Total Page: 400

Model: GD910
Total Page: 401

Model: KP152
Total Page: 402

Model: GB110
Total Page: 403

Model: GB106
Total Page: 404

Model: KM330
Total Page: 405

Model: GM210
Total Page: 406

Model: GM310
Total Page: 407

Model: KT770
Total Page: 408

Model: GB130
Total Page: 409

Model: GB102
Total Page: 410

Model: GB250
Total Page: 411

Model: GB220
Total Page: 412

Model: U8800 Pro
Total Page: 413

Model: KC910i Renoir
Total Page: 414

Model: Ascend II
Total Page: 415

Model: U8850 Vision
Total Page: 416

Model: Pillar
Total Page: 417

Model: Impulse 4G
Total Page: 418

Model: U8350 Boulder
Total Page: 419

Model: T8300
Total Page: 420

Model: D51 Discovery
Total Page: 421

Model: U8520 Duplex
Total Page: 422

Model: G7005
Total Page: 423

Model: MediaPad
Total Page: 424

Model: MediaPad S7-301w
Total Page: 425

Model: G7300
Total Page: 426

Model: M886 Mercury
Total Page: 427

Model: Ascend P1s
Total Page: 428

Model: Ascend D quad XL
Total Page: 429

Model: Ascend D quad
Total Page: 430

Model: Ascend D1 XL U9500E
Total Page: 431

Model: Ascend D1
Total Page: 432

Model: MediaPad 10 FHD
Total Page: 433

Model: G6609
Total Page: 434

Model: Fusion U8652
Total Page: 435

Model: G5520
Total Page: 436

Model: Activa 4G
Total Page: 437

Model: G5000
Total Page: 438

Model: G6310
Total Page: 439

Model: G6800
Total Page: 440

Model: G6005
Total Page: 441

Model: GB210
Total Page: 442

Model: Xenon GR500
Total Page: 443

Model: GB125
Total Page: 444

Model: KS660
Total Page: 445

Model: GD330
Total Page: 446

Model: GC900 Viewty Smart
Total Page: 447

Model: GT500 Puccini
Total Page: 448

Model: GD900 Crystal
Total Page: 449

Model: GW520
Total Page: 450

Model: GT505
Total Page: 451

Model: KB775 Scarlet
Total Page: 452

Model: GB230 Julia
Total Page: 453

Model: GW550
Total Page: 454

Model: GB170
Total Page: 455

Model: GB109
Total Page: 456

Model: GB270
Total Page: 457

Model: GB190
Total Page: 458

Model: GW300
Total Page: 459

Model: BL40 New Chocolate
Total Page: 460

Model: GM750
Total Page: 461

Model: CF360
Total Page: 462

Model: GW620
Total Page: 463

Model: BL20 New Chocolate
Total Page: 464

Model: GD510 Pop
Total Page: 465

Model: KM555E
Total Page: 466

Model: GD310 
Total Page: 467

Model: 8575 Samba
Total Page: 468

Model: GU285
Total Page: 469

Model: GB160
Total Page: 470

Model: GU230 Dimsun
Total Page: 471

Model: GD710 Shine II
Total Page: 472

Model: GW820 eXpo
Total Page: 473

Model: GS190
Total Page: 474

Model: GS200
Total Page: 475

Model: GD580 Lollipop
Total Page: 476

Model: Town GT350
Total Page: 477

Model: Etna C330
Total Page: 478

Model: KU2100
Total Page: 479

Model: GD880 Mini
Total Page: 480

Model: Wink Plus GT350i
Total Page: 481

Model: GW880
Total Page: 482

Model: KF305
Total Page: 483

Model: GX200
Total Page: 484

Model: GS500 Cookie Plus
Total Page: 485

Model: GT405
Total Page: 486

Model: GW990
Total Page: 487

Model: GS290 Cookie Fresh
Total Page: 488

Model: GT540 Optimus
Total Page: 489

Model: KH5200 Andro-1
Total Page: 490

Model: GD350
Total Page: 491

Model: KP108
Total Page: 492

Model: GS106
Total Page: 493

Model: GB280
Total Page: 494

Model: GS107
Total Page: 495

Model: GS155
Total Page: 496

Model: KH3900 Joypop
Total Page: 497

Model: Ascend P1 LTE
Total Page: 498

Model: Fusion 2 U8665
Total Page: 499

Model: Summit
Total Page: 500

Model: MediaPad 10 Link
Total Page: 501

Model: Ascend Y
Total Page: 502

Model: Ascend D2
Total Page: 503

Model: Ascend G500
Total Page: 504

Model: Ascend G510
Total Page: 505

Model: Ascend Y201 Pro
Total Page: 506

Model: Ascend Mate
Total Page: 507

Model: Ascend G312
Total Page: 508

Model: Ascend W1
Total Page: 509

Model: Ascend G350
Total Page: 510

Model: Ascend P2
Total Page: 511

Model: Premia 4G M931
Total Page: 512

Model: Ascend G615
Total Page: 513

Model: Ascend G526
Total Page: 514

Model: Ascend Y210D
Total Page: 515

Model: Ascend Y300
Total Page: 516

Model: Ascend P6
Total Page: 517

Model: MediaPad 7 Vogue
Total Page: 518

Model: MediaPad 7 Youth
Total Page: 519

Model: G610s
Total Page: 520

Model: Ascend G525
Total Page: 521

Model: U8687 Cronos
Total Page: 522

Model: Ascend G700
Total Page: 523

Model: Optimus Z
Total Page: 524

Model: SU920
Total Page: 525

Model: Ascend W2
Total Page: 526

Model: Ascend Y511
Total Page: 527

Model: G6153
Total Page: 528

Model: G3621L
Total Page: 529

Model: SU420 Cafe
Total Page: 530

Model: GT400 Viewty Smile
Total Page: 531

Model: Fathom VS750
Total Page: 532

Model: Vu Plus
Total Page: 533

Model: GM360 Viewty Snap
Total Page: 534

Model: GU292
Total Page: 535

Model: Cookie Lite T300
Total Page: 536

Model: C105
Total Page: 537

Model: GX300
Total Page: 538

Model: Wink Style T310
Total Page: 539

Model: C710 Aloha
Total Page: 540

Model: Cookie Style T310
Total Page: 541
