URL: https://www.gsmarena.com/makers.php3
Total Page: 1
Brand: Acer : URL: https://www.gsmarena.com/acer-phones-59.php
Brand Page: 1
Total Page: 2
Brand: Gionee : URL: https://www.gsmarena.com/gionee-phones-92.php
Brand Page: 1
Total Page: 3
Brand: Fujitsu Siemens : URL: https://www.gsmarena.com/fujitsu_siemens-phones-50.php
Brand Page: 1
Total Page: 4
Next Page not found
Brand: Garmin-Asus : URL: https://www.gsmarena.com/garmin_asus-phones-65.php
Brand Page: 1
Total Page: 5
Next Page not found
Brand: Eten : URL: https://www.gsmarena.com/eten-phones-40.php
Brand Page: 1
Total Page: 6
Brand: Energizer : URL: https://www.gsmarena.com/energizer-phones-106.php
Brand Page: 1
Total Page: 7
Brand: Gigabyte : URL: https://www.gsmarena.com/gigabyte-phones-47.php
Brand Page: 1
Total Page: 8
Brand: Ericsson : URL: https://www.gsmarena.com/ericsson-phones-2.php
Brand Page: 1
Total Page: 9
Next Page not found
Brand: Emporia : URL: https://www.gsmarena.com/emporia-phones-93.php
Brand Page: 1
Total Page: 10
Next Page not found
Brand: Dell : URL: https://www.gsmarena.com/dell-phones-61.php
Brand Page: 1
Total Page: 11
Next Page not found
Brand: Coolpad : URL: https://www.gsmarena.com/coolpad-phones-105.php
Brand Page: 1
Total Page: 12
Next Page not found
Brand: Casio : URL: https://www.gsmarena.com/casio-phones-77.php
Brand Page: 1
Total Page: 13
Next Page not found
Brand: Chea : URL: https://www.gsmarena.com/chea-phones-24.php
Brand Page: 1
Total Page: 14
Next Page not found
Brand: Celkon : URL: https://www.gsmarena.com/celkon-phones-75.php
Brand Page: 1
Total Page: 15
Brand: BQ : URL: https://www.gsmarena.com/bq-phones-108.php
Brand Page: 1
Total Page: 16
Next Page not found
Brand: Cat : URL: https://www.gsmarena.com/cat-phones-89.php
Brand Page: 1
Total Page: 17
Next Page not found
Brand: Acer : URL: https://www.gsmarena.com/acer-phones-f-59-0-p2.php
Brand Page: 2
Total Page: 18
Brand: ZTE : URL: https://www.gsmarena.com/zte-phones-62.php
Brand Page: 1
Total Page: 19

Model: Liquid E3 Duo Plus
Total Page: 20

Model: Iconia Tab 7 A1-713
Total Page: 21

Model: Iconia Tab 8 A1-840FHD
Total Page: 22

Model: Iconia Tab 7 A1-713HD
Total Page: 23

Model: Liquid Z200
Total Page: 24

Model: Iconia One 7 B1-730
Total Page: 25

Model: Talk Comfort
Total Page: 26

Model: Talk Premium
Total Page: 27

Model: RL1
Total Page: 28

Model: Talk Comfort Plus
Total Page: 29

Model: GH 218
Total Page: 30

Model: Mini 3iX
Total Page: 31

Model: Mini 3i
Total Page: 32

Model: Aero
Total Page: 33

Model: B15
Total Page: 34
Brand: ZTE : URL: https://www.gsmarena.com/zte-phones-f-62-0-p2.php
Brand Page: 2
Total Page: 35

Model: S50
Total Page: 36

Model: B25
Total Page: 37

Model: B100
Total Page: 38

Model: Blade A5 (2019)
Total Page: 39

Model: B15 Q
Total Page: 40

Model: nubia Z17 miniS
Total Page: 41

Model: nubia Z17s
Total Page: 42

Model: Blade X
Total Page: 43

Model: Axon M
Total Page: 44

Model: Maven 2
Total Page: 45

Model: Blade V9
Total Page: 46

Model: Blade A3
Total Page: 47

Model: Blade A6
Total Page: 48

Model: Tempo Go
Total Page: 49

Model: Blade V9 Vita
Total Page: 50
Brand: ZTE : URL: https://www.gsmarena.com/zte-phones-f-62-0-p3.php
Brand Page: 3
Total Page: 51

Model: nubia V18
Total Page: 52

Model: nubia N3
Total Page: 53

Model: Blade V Plus
Total Page: 54

Model: nubia Z11 mini
Total Page: 55

Model: Grand X Max 2
Total Page: 56

Model: Blade L5 Plus
Total Page: 57

Model: Warp 7
Total Page: 58

Model: nubia N1
Total Page: 59

Model: Axon 7
Total Page: 60

Model: Axon 7 mini
Total Page: 61

Model: nubia Z11
Total Page: 62

Model: nubia Z11 Max
Total Page: 63

Model: Zmax Pro
Total Page: 64

Model: Blade L110 (A110)
Total Page: 65

Model: Grand X4
Total Page: 66

Model: Blade V7 Max
Total Page: 67

Model: Axon 7 Max
Total Page: 68

Model: nubia Z11 mini S
Total Page: 69
Brand: ZTE : URL: https://www.gsmarena.com/zte-phones-f-62-0-p4.php
Brand Page: 4
Total Page: 70

Model: Grand S3
Total Page: 71

Model: nubia Z9 mini
Total Page: 72

Model: Open L
Total Page: 73

Model: nubia Z9
Total Page: 74

Model: nubia Z9 Max
Total Page: 75

Model: Blade S6 Plus
Total Page: 76

Model: Blade Qlux 4G
Total Page: 77

Model: Blade Q Pro
Total Page: 78

Model: Blade Apex 3
Total Page: 79

Model: Maven
Total Page: 80

Model: Sonata 2
Total Page: 81

Model: Blade A410
Total Page: 82

Model: Obsidian
Total Page: 83

Model: Grand X2
Total Page: 84

Model: Axon Pro
Total Page: 85

Model: Blade D6
Total Page: 86
Brand: ZTE : URL: https://www.gsmarena.com/zte-phones-f-62-0-p5.php
Brand Page: 5
Total Page: 87

Model: Blade Q
Total Page: 88

Model: Blade Q Maxi
Total Page: 89

Model: nubia Z5S mini NX403A
Total Page: 90

Model: Grand S II S291
Total Page: 91

Model: nubia Z5S
Total Page: 92

Model: Sonata 4G
Total Page: 93

Model: Grand S Flex
Total Page: 94

Model: Iconic Phablet
Total Page: 95

Model: Open II
Total Page: 96

Model: Open C
Total Page: 97

Model: Grand Memo II LTE
Total Page: 98

Model: Redbull V5 V9180
Total Page: 99

Model: nubia X6
Total Page: 100

Model: Star 1
Total Page: 101

Model: Blade G2
Total Page: 102

Model: Kis 3
Total Page: 103

Model: Blade L2
Total Page: 104
Brand: ZTE : URL: https://www.gsmarena.com/zte-phones-f-62-0-p6.php
Brand Page: 6
Total Page: 105

Model: Light Tab 3 V9S
Total Page: 106

Model: Light Tab 300
Total Page: 107

Model: Score M
Total Page: 108

Model: V96
Total Page: 109

Model: U880E
Total Page: 110

Model: T98
Total Page: 111

Model: PF 100
Total Page: 112

Model: Grand X V970
Total Page: 113

Model: Grand X LTE T82
Total Page: 114

Model: Grand X IN
Total Page: 115

Model: N880E
Total Page: 116

Model: Warp Sequent
Total Page: 117

Model: Anthem 4G
Total Page: 118

Model: Blade III
Total Page: 119

Model: Flash
Total Page: 120

Model: Grand Era U895
Total Page: 121
Brand: ZTE : URL: https://www.gsmarena.com/zte-phones-f-62-0-p7.php
Brand Page: 7
Total Page: 122

Model: N290
Total Page: 123

Model: N280
Total Page: 124

Model: Sage
Total Page: 125

Model: Blade
Total Page: 126

Model: X990D
Total Page: 127

Model: Libra
Total Page: 128

Model: Rio
Total Page: 129

Model: Racer II
Total Page: 130

Model: Skate
Total Page: 131

Model: U900
Total Page: 132

Model: Amigo
Total Page: 133

Model: V821
Total Page: 134

Model: V9
Total Page: 135

Model: N721
Total Page: 136

Model: V9+
Total Page: 137

Model: F101
Total Page: 138

Model: Coral200 Sollar
Total Page: 139

Model: Avail
Total Page: 140

Model: Score
Total Page: 141

Model: F100
Total Page: 142

Model: F103
Total Page: 143

Model: F870
Total Page: 144

Model: F600
Total Page: 145

Model: F952
Total Page: 146

Model: F928
Total Page: 147

Model: S302
Total Page: 148

Model: Xiang
Total Page: 149

Model: F912
Total Page: 150

Model: A261
Total Page: 151

Model: F233
Total Page: 152

Model: Raise
Total Page: 153

Model: F951
Total Page: 154

Model: X760
Total Page: 155

Model: E811
Total Page: 156

Model: Bingo
Total Page: 157

Model: Racer
Total Page: 158

Model: E N72
Total Page: 159

Model: F107
Total Page: 160

Model: X990
Total Page: 161

Model: R220
Total Page: 162

Model: S213
Total Page: 163

Model: Salute F350
Total Page: 164

Model: Warp
Total Page: 165

Model: R221
Total Page: 166

Model: R230
Total Page: 167

Model: R228 Dual SIM
Total Page: 168

Model: R228
Total Page: 169

Model: Tania
Total Page: 170

Model: Memo
Total Page: 171

Model: Chorus
Total Page: 172

Model: FTV Phone
Total Page: 173

Model: Light Tab V9C
Total Page: 174

Model: Light Tab 2 V9A
Total Page: 175

Model: Optik
Total Page: 176

Model: PF200
Total Page: 177

Model: Blade II V880+
Total Page: 178

Model: N910
Total Page: 179

Model: Style Q
Total Page: 180

Model: V875
Total Page: 181

Model: Style Messanger
Total Page: 182

Model: Nova Messenger
Total Page: 183

Model: Nova 4 V8000
Total Page: 184

Model: Nova 3.5
Total Page: 185

Model: V880E
Total Page: 186

Model: Kis V788
Total Page: 187

Model: Orbit
Total Page: 188

Model: Era
Total Page: 189

Model: nubia Z5
Total Page: 190

Model: Skate Acqua
Total Page: 191

Model: PF112 HD
Total Page: 192

Model: Groove X501
Total Page: 193

Model: Kis III V790
Total Page: 194

Model: V887
Total Page: 195

Model: V889M
Total Page: 196

Model: Avid 4G
Total Page: 197

Model: Grand S
Total Page: 198

Model: V81
Total Page: 199

Model: Director
Total Page: 200

Model: Blade C V807
Total Page: 201

Model: Open
Total Page: 202

Model: Grand Memo V9815
Total Page: 203

Model: Geek V975
Total Page: 204

Model: Blade III Pro
Total Page: 205

Model: Grand X Pro
Total Page: 206

Model: Grand X2 In
Total Page: 207

Model: Vital N9810
Total Page: 208

Model: Grand X Quad V987
Total Page: 209

Model: Imperial
Total Page: 210

Model: Reef
Total Page: 211

Model: Blade V
Total Page: 212

Model: Blade G V880G
Total Page: 213

Model: nubia Z7 mini
Total Page: 214

Model: Warp 4G
Total Page: 215

Model: nubia Z7 Max
Total Page: 216

Model: Blade Q Mini
Total Page: 217

Model: nubia Z7
Total Page: 218

Model: nubia Z5S mini NX405H
Total Page: 219

Model: Blade Vec 4G
Total Page: 220

Model: Kis 3 Max
Total Page: 221

Model: Blade Vec 3G
Total Page: 222

Model: Zmax
Total Page: 223

Model: Grand Xmax
Total Page: 224

Model: Zinger
Total Page: 225

Model: Grand S Pro
Total Page: 226

Model: Grand S II
Total Page: 227

Model: Speed
Total Page: 228

Model: Grand X Plus Z826
Total Page: 229

Model: Star 2
Total Page: 230

Model: Grand X Max+
Total Page: 231

Model: Blade S6
Total Page: 232

Model: Imperial II
Total Page: 233

Model: Blade G
Total Page: 234

Model: V5 Lux
Total Page: 235

Model: Blade G Lux
Total Page: 236

Model: Blade L3 Plus
Total Page: 237

Model: Blade L3
Total Page: 238

Model: Blade A460
Total Page: 239

Model: Boost Max+
Total Page: 240

Model: Axon Lux
Total Page: 241

Model: Axon Elite
Total Page: 242

Model: nubia My Prague
Total Page: 243

Model: Axon mini
Total Page: 244

Model: Axon Watch
Total Page: 245

Model: Zmax 2
Total Page: 246

Model: Blade S7
Total Page: 247

Model: Axon
Total Page: 248

Model: Blade X3
Total Page: 249

Model: Blade X5
Total Page: 250

Model: Blade X9
Total Page: 251

Model: Avid Plus
Total Page: 252

Model: Grand X 3
Total Page: 253

Model: Blade V7 Lite
Total Page: 254

Model: Axon Max
Total Page: 255

Model: nubia Prague S
Total Page: 256

Model: Blade A910
Total Page: 257

Model: Blade A452
Total Page: 258

Model: Blade A512
Total Page: 259

Model: Blade V7
Total Page: 260

Model: Blade A2
Total Page: 261

Model: Blade A610
Total Page: 262

Model: Blade V8 Pro
Total Page: 263

Model: Blade V8
Total Page: 264

Model: Hawkeye
Total Page: 265

Model: Blade A2 Plus
Total Page: 266

Model: Blade V8 Mini
Total Page: 267

Model: Blade V8 Lite
Total Page: 268

Model: nubia N1 lite
Total Page: 269

Model: nubia Z17 mini
Total Page: 270

Model: Blade A520
Total Page: 271

Model: Axon 7s
Total Page: 272

Model: Max XL
Total Page: 273

Model: nubia M2 Play
Total Page: 274

Model: nubia Z17
Total Page: 275

Model: nubia M2
Total Page: 276

Model: nubia M2 lite
Total Page: 277

Model: Blade V7 Plus
Total Page: 278

Model: nubia N2
Total Page: 279

Model: Quartz
Total Page: 280

Model: Grand X View 2
Total Page: 281

Model: Blade A601
Total Page: 282

Model: Tempo X
Total Page: 283

Model: Blade Z Max
Total Page: 284

Model: Blade Force
Total Page: 285

Model: nubia Red Magic
Total Page: 286

Model: Blade A7 Vita
Total Page: 287

Model: nubia Z18 mini
Total Page: 288

Model: Axon 9 Pro
Total Page: 289

Model: nubia X
Total Page: 290

Model: Blade A7
Total Page: 291

Model: nubia Z17 lite
Total Page: 292

Model: nubia Z18
Total Page: 293

Model: nubia Red Magic Mars
Total Page: 294

Model: Blade V10 Vita
Total Page: 295

Model: nubia Alpha
Total Page: 296

Model: nubia Red Magic 3
Total Page: 297

Model: Blade V10
Total Page: 298

Model: Axon 10 Pro
Total Page: 299

Model: Blade L8
Total Page: 300

Model: Axon 10 Pro 5G
Total Page: 301

Model: nubia X 5G
Total Page: 302

Model: Blade A7 Prime
Total Page: 303

Model: Blade 20
Total Page: 304

Model: Blade A3 (2019)
Total Page: 305

Model: Blade 10 Prime
Total Page: 306

Model: Blade Max View
Total Page: 307

Model: nubia Red Magic 3s
Total Page: 308

Model: nubia Z20
Total Page: 309
Brand: Acer : URL: https://www.gsmarena.com/acer-phones-f-59-0-p3.php
Brand Page: 3
Total Page: 310

Model: Axon 10s Pro 5G
Total Page: 311

Model: Axon 11 5G
Total Page: 312

Model: nubia Play
Total Page: 313

Model: Liquid mini E310
Total Page: 314

Model: beTouch E140
Total Page: 315

Model: beTouch E210
Total Page: 316

Model: nubia Red Magic 5G
Total Page: 317

Model: Iconia Tab A101
Total Page: 318

Model: Iconia Tab A501
Total Page: 319

Model: Allegro
Total Page: 320

Model: Iconia Tab A500
Total Page: 321

Model: Iconia Smart
Total Page: 322

Model: Liquid Express E320
Total Page: 323

Model: Iconia Tab A510
Total Page: 324

Model: Iconia Tab A100
Total Page: 325

Model: Iconia Tab A701
Total Page: 326

Model: Iconia Tab A200
Total Page: 327

Model: DX900
Total Page: 328

Model: Iconia Tab A700
Total Page: 329

Model: Iconia Tab A511
Total Page: 330

Model: M900
Total Page: 331

Model: F900
Total Page: 332

Model: X960
Total Page: 333

Model: beTouch E200
Total Page: 334

Model: beTouch E100
Total Page: 335

Model: neoTouch
Total Page: 336

Model: DX650
Total Page: 337

Model: Liquid
Total Page: 338

Model: beTouch E110
Total Page: 339

Model: neoTouch P300
Total Page: 340

Model: beTouch E101
Total Page: 341

Model: Liquid E
Total Page: 342

Model: beTouch E400
Total Page: 343

Model: neoTouch P400
Total Page: 344

Model: Stream
Total Page: 345

Model: beTouch E120
Total Page: 346

Model: beTouch E130
Total Page: 347

Model: beTouch T500
Total Page: 348

Model: Liquid mt
Total Page: 349

Model: CloudMobile S500
Total Page: 350

Model: Liquid Glow E330
Total Page: 351

Model: Iconia Tab A210
Total Page: 352

Model: Liquid Gallant Duo
Total Page: 353

Model: Iconia Tab A110
Total Page: 354

Model: Iconia Tab B1-A71
Total Page: 355

Model: Liquid Z110
Total Page: 356

Model: Liquid Gallant E350
Total Page: 357

Model: Liquid C1
Total Page: 358

Model: Liquid E1
Total Page: 359

Model: Iconia Tab B1-710
Total Page: 360

Model: Liquid Z2
Total Page: 361

Model: Liquid E2
Total Page: 362

Model: Iconia Tab A1-810
Total Page: 363

Model: Iconia Tab A1-811
Total Page: 364

Model: Iconia Tab A3
Total Page: 365

Model: Liquid S1
Total Page: 366

Model: Liquid S2
Total Page: 367

Model: Liquid Z3
Total Page: 368

Model: Liquid Z5
Total Page: 369

Model: Iconia A1-830
Total Page: 370

Model: Liquid Z4
Total Page: 371

Model: Iconia B1-720
Total Page: 372

Model: Iconia B1-721
Total Page: 373

Model: S40
Total Page: 374

Model: B30
Total Page: 375

Model: Liquid E3
Total Page: 376

Model: S30
Total Page: 377

Model: S61
Total Page: 378

Model: S41
Total Page: 379

Model: S31
Total Page: 380

Model: S60
Total Page: 381

Model: S52
Total Page: 382

Model: S42
Total Page: 383

Model: B35
Total Page: 384

Model: Aquaris M4.5
Total Page: 385

Model:  Aquaris M10
Total Page: 386

Model: Aquaris M5.5
Total Page: 387

Model: Aquaris X5
Total Page: 388

Model: Aquaris M5
Total Page: 389

Model: Aquaris X5 Plus
Total Page: 390

Model: Aquaris E5s
Total Page: 391

Model: Aquaris U Plus
Total Page: 392

Model: Aquaris X
Total Page: 393

Model: Aquaris U
Total Page: 394

Model: Aquaris U Lite
Total Page: 395

Model: Aquaris X Pro
Total Page: 396

Model: Aquaris V
Total Page: 397

Model: Aquaris V Plus
Total Page: 398

Model: Aquaris U2
Total Page: 399
Brand: Celkon : URL: https://www.gsmarena.com/celkon-phones-f-75-0-p2.php
Brand Page: 2
Total Page: 400

Model: Aquaris U2 Lite
Total Page: 401

Model: Aquaris X2 Pro
Total Page: 402

Model: Aquaris X2
Total Page: 403

Model: Aquaris VS
Total Page: 404

Model: Aquaris VS Plus
Total Page: 405

Model: Q470
Total Page: 406

Model: Q455
Total Page: 407

Model: A500
Total Page: 408

Model: A42
Total Page: 409

Model: A115
Total Page: 410

Model: Q44
Total Page: 411

Model: A21
Total Page: 412

Model: Q500 Millennium Ultra
Total Page: 413

Model: A43
Total Page: 414
Brand: Celkon : URL: https://www.gsmarena.com/celkon-phones-f-75-0-p3.php
Brand Page: 3
Total Page: 415

Model: Campus Nova A352E
Total Page: 416

Model: Campus One A354C
Total Page: 417

Model: C64
Total Page: 418

Model: C76
Total Page: 419

Model: C63
Total Page: 420

Model: C399
Total Page: 421

Model: C605
Total Page: 422

Model: C7045
Total Page: 423

Model: AR45
Total Page: 424

Model: AR50
Total Page: 425

Model: A15
Total Page: 426

Model: A40
Total Page: 427

Model: AR40
Total Page: 428

Model: S1
Total Page: 429

Model: C720
Total Page: 430

Model: C820
Total Page: 431

Model: CT-888
Total Page: 432

Model: CT 7
Total Page: 433
Brand: Celkon : URL: https://www.gsmarena.com/celkon-phones-f-75-0-p4.php
Brand Page: 4
Total Page: 434

Model: A79
Total Page: 435

Model: A59
Total Page: 436

Model: C297
Total Page: 437

Model: A27
Total Page: 438

Model: A220
Total Page: 439

Model: C356
Total Page: 440

Model: C54
Total Page: 441

Model: C355
Total Page: 442

Model: A75
Total Page: 443

Model: C3333
Total Page: 444

Model: GC10
Total Page: 445

Model: C7070
Total Page: 446

Model: C44 Star
Total Page: 447

Model: C7050
Total Page: 448

Model: A98
Total Page: 449

Model: A67
Total Page: 450

Model: A225
Total Page: 451

Model: A86
Total Page: 452

Model: A69
Total Page: 453

Model: C769
Total Page: 454
Brand: Celkon : URL: https://www.gsmarena.com/celkon-phones-f-75-0-p5.php
Brand Page: 5
Total Page: 455

Model: C770 Dj
Total Page: 456

Model: A88
Total Page: 457

Model: C17
Total Page: 458

Model: i4
Total Page: 459

Model: A7
Total Page: 460

Model: C75
Total Page: 461
