URL: https://www.gsmarena.com/makers.php3
Total Page: 1
Brand: Google : URL: https://www.gsmarena.com/google-phones-107.php
Brand Page: 1
Total Page: 2
Next Page not found
Brand: Garmin-Asus : URL: https://www.gsmarena.com/garmin_asus-phones-65.php
Brand Page: 1
Total Page: 3
Next Page not found
Brand: Acer : URL: https://www.gsmarena.com/acer-phones-59.php
Brand Page: 1
Total Page: 4
Brand: Gigabyte : URL: https://www.gsmarena.com/gigabyte-phones-47.php
Brand Page: 1
Total Page: 5
Brand: Fujitsu Siemens : URL: https://www.gsmarena.com/fujitsu_siemens-phones-50.php
Brand Page: 1
Total Page: 6
Next Page not found
Brand: Gionee : URL: https://www.gsmarena.com/gionee-phones-92.php
Brand Page: 1
Total Page: 7
Brand: Eten : URL: https://www.gsmarena.com/eten-phones-40.php
Brand Page: 1
Total Page: 8
Brand: Ericsson : URL: https://www.gsmarena.com/ericsson-phones-2.php
Brand Page: 1
Total Page: 9
Next Page not found
Brand: Emporia : URL: https://www.gsmarena.com/emporia-phones-93.php
Brand Page: 1
Total Page: 10
Next Page not found
Brand: Dell : URL: https://www.gsmarena.com/dell-phones-61.php
Brand Page: 1
Total Page: 11
Next Page not found
Brand: Coolpad : URL: https://www.gsmarena.com/coolpad-phones-105.php
Brand Page: 1
Total Page: 12
Next Page not found
Brand: Energizer : URL: https://www.gsmarena.com/energizer-phones-106.php
Brand Page: 1
Total Page: 13
Brand: Casio : URL: https://www.gsmarena.com/casio-phones-77.php
Brand Page: 1
Total Page: 14
Next Page not found
Brand: Chea : URL: https://www.gsmarena.com/chea-phones-24.php
Brand Page: 1
Total Page: 15
Next Page not found
Brand: Cat : URL: https://www.gsmarena.com/cat-phones-89.php
Brand Page: 1
Total Page: 16
Next Page not found
Brand: Celkon : URL: https://www.gsmarena.com/celkon-phones-75.php
Brand Page: 1
Total Page: 17
Brand: ZTE : URL: https://www.gsmarena.com/zte-phones-62.php
Brand Page: 1
Total Page: 18
Brand: YU : URL: https://www.gsmarena.com/yu-phones-100.php
Brand Page: 1
Total Page: 19
Next Page not found
Brand: Yota : URL: https://www.gsmarena.com/yota-phones-99.php
Brand Page: 1
Total Page: 20
Next Page not found
Brand: Yezz : URL: https://www.gsmarena.com/yezz-phones-78.php
Brand Page: 1
Total Page: 21
Brand: Gigabyte : URL: https://www.gsmarena.com/gigabyte-phones-f-47-0-p2.php
Brand Page: 2
Total Page: 22
Brand: Acer : URL: https://www.gsmarena.com/acer-phones-f-59-0-p2.php
Brand Page: 2
Total Page: 23

Model: Iconia Tab A3-A20FHD
Total Page: 24

Model: Iconia Tab A3-A20
Total Page: 25
Brand: Eten : URL: https://www.gsmarena.com/eten-phones-f-40-0-p2.php
Brand Page: 2
Total Page: 26

Model: Iconia One 8 B1-820
Total Page: 27
Brand: Gionee : URL: https://www.gsmarena.com/gionee-phones-f-92-0-p2.php
Brand Page: 2
Total Page: 28

Model: Liquid Z630
Total Page: 29

Model: Liquid Z630S
Total Page: 30

Model: Liquid Z330
Total Page: 31

Model: Liquid Z320
Total Page: 32
Brand: Celkon : URL: https://www.gsmarena.com/celkon-phones-f-75-0-p2.php
Brand Page: 2
Total Page: 33

Model: G'zOne Ravine
Total Page: 34

Model: G'zOne Ravine 2
Total Page: 35

Model: G'zOne Commando
Total Page: 36
Brand: ZTE : URL: https://www.gsmarena.com/zte-phones-f-62-0-p2.php
Brand Page: 2
Total Page: 37

Model: G'zOne CA-201L
Total Page: 38
Brand: Energizer : URL: https://www.gsmarena.com/energizer-phones-f-106-0-p2.php
Brand Page: 2
Total Page: 39
Brand: Yezz : URL: https://www.gsmarena.com/yezz-phones-f-78-0-p2.php
Brand Page: 2
Total Page: 40
Brand: Acer : URL: https://www.gsmarena.com/acer-phones-f-59-0-p3.php
Brand Page: 3
Total Page: 41

Model: Liquid Jade 2
Total Page: 42

Model: Liquid Zest
Total Page: 43

Model: Liquid Jade Primo
Total Page: 44

Model: Liquid Zest Plus
Total Page: 45

Model: Predator 8
Total Page: 46

Model: Liquid X2
Total Page: 47

Model: Liquid Z6
Total Page: 48

Model: Iconia Tab 10 A3-A40
Total Page: 49
Brand: Celkon : URL: https://www.gsmarena.com/celkon-phones-f-75-0-p3.php
Brand Page: 3
Total Page: 50

Model: Iconia Talk S
Total Page: 51

Model: Liquid Z6 Plus
Total Page: 52

Model: Pixel C
Total Page: 53

Model: Chromebook Tab 10
Total Page: 54
Brand: ZTE : URL: https://www.gsmarena.com/zte-phones-f-62-0-p3.php
Brand Page: 3
Total Page: 55

Model: Pixel 2
Total Page: 56
Brand: Yezz : URL: https://www.gsmarena.com/yezz-phones-f-78-0-p3.php
Brand Page: 3
Total Page: 57

Model: Pixel
Total Page: 58

Model: Pixel 3
Total Page: 59

Model: Pixel XL
Total Page: 60

Model: Pixel 2 XL
Total Page: 61

Model: Pixel 3 XL
Total Page: 62

Model: Pixel 3a
Total Page: 63
Brand: XOLO : URL: https://www.gsmarena.com/xolo-phones-85.php
Brand Page: 1
Total Page: 64
Brand: Xiaomi : URL: https://www.gsmarena.com/xiaomi-phones-80.php
Brand Page: 1
Total Page: 65
Brand: Celkon : URL: https://www.gsmarena.com/celkon-phones-f-75-0-p4.php
Brand Page: 4
Total Page: 66

Model: Pixel 4
Total Page: 67

Model: Pixel 4 XL
Total Page: 68

Model: Pixel 3a XL
Total Page: 69
Brand: XCute : URL: https://www.gsmarena.com/xcute-phones-43.php
Brand Page: 1
Total Page: 70
Next Page not found
Brand: WND : URL: https://www.gsmarena.com/wnd-phones-51.php
Brand Page: 1
Total Page: 71
Next Page not found
Brand: Vodafone : URL: https://www.gsmarena.com/vodafone-phones-53.php
Brand Page: 1
Total Page: 72
Brand: Wiko : URL: https://www.gsmarena.com/wiko-phones-96.php
Brand Page: 1
Total Page: 73
Brand: ZTE : URL: https://www.gsmarena.com/zte-phones-f-62-0-p4.php
Brand Page: 4
Total Page: 74
Brand: vivo : URL: https://www.gsmarena.com/vivo-phones-98.php
Brand Page: 1
Total Page: 75
Brand: verykool : URL: https://www.gsmarena.com/verykool-phones-70.php
Brand Page: 1
Total Page: 76
Brand: Vertu : URL: https://www.gsmarena.com/vertu-phones-39.php
Brand Page: 1
Total Page: 77
Next Page not found
Brand: VK Mobile : URL: https://www.gsmarena.com/vk_mobile-phones-37.php
Brand Page: 1
Total Page: 78
Next Page not found
Brand: Unnecto : URL: https://www.gsmarena.com/unnecto-phones-91.php
Brand Page: 1
Total Page: 79
Next Page not found
Brand: Thuraya : URL: https://www.gsmarena.com/thuraya-phones-49.php
Brand Page: 1
Total Page: 80
Next Page not found
Brand: Toshiba : URL: https://www.gsmarena.com/toshiba-phones-44.php
Brand Page: 1
Total Page: 81
Next Page not found
Brand: Ulefone : URL: https://www.gsmarena.com/ulefone-phones-124.php
Brand Page: 1
Total Page: 82
Next Page not found
Brand: Tel.Me. : URL: https://www.gsmarena.com/tel_me_-phones-21.php
Brand Page: 1
Total Page: 83
Next Page not found
Brand: XOLO : URL: https://www.gsmarena.com/xolo-phones-f-85-0-p2.php
Brand Page: 2
Total Page: 84
Brand: TECNO : URL: https://www.gsmarena.com/tecno-phones-120.php
Brand Page: 1
Total Page: 85
Brand: Telit : URL: https://www.gsmarena.com/telit-phones-16.php
Brand Page: 1
Total Page: 86
Next Page not found
Brand: Celkon : URL: https://www.gsmarena.com/celkon-phones-f-75-0-p5.php
Brand Page: 5
Total Page: 87
Brand: TCL : URL: https://www.gsmarena.com/tcl-phones-123.php
Brand Page: 1
Total Page: 88
Next Page not found
Brand: Xiaomi : URL: https://www.gsmarena.com/xiaomi-phones-f-80-0-p2.php
Brand Page: 2
Total Page: 89
Brand: Sony : URL: https://www.gsmarena.com/sony-phones-7.php
Brand Page: 1
Total Page: 90
Brand: Spice : URL: https://www.gsmarena.com/spice-phones-68.php
Brand Page: 1
Total Page: 91
Brand: Sony Ericsson : URL: https://www.gsmarena.com/sony_ericsson-phones-19.php
Brand Page: 1
Total Page: 92
Brand: T-Mobile : URL: https://www.gsmarena.com/t_mobile-phones-55.php
Brand Page: 1
Total Page: 93

Model: Poco F2 Pro
Total Page: 94

Model: VK500
Total Page: 95

Model: Eco
Total Page: 96

Model: Primo 3G
Total Page: 97

Model: Primo
Total Page: 98

Model: Drift
Total Page: 99

Model: Armor 2
Total Page: 100

Model: T2 Pro
Total Page: 101

Model: Armor X
Total Page: 102

Model: GM 410
Total Page: 103

Model: Estremo
Total Page: 104

Model: GM 810
Total Page: 105

Model: GM 710
Total Page: 106

Model: GM 830
Total Page: 107

Model: Plex
Total Page: 108
Brand: Sony Ericsson : URL: https://www.gsmarena.com/sony_ericsson-phones-f-19-0-p2.php
Brand Page: 2
Total Page: 109
Brand: Celkon : URL: https://www.gsmarena.com/celkon-phones-f-75-0-p6.php
Brand Page: 6
Total Page: 110
Brand: T-Mobile : URL: https://www.gsmarena.com/t_mobile-phones-f-55-0-p2.php
Brand Page: 2
Total Page: 111

Model: MDA Vario V
Total Page: 112

Model: Dash 3G
Total Page: 113

Model: myTouch 3G
Total Page: 114

Model: myTouch 3G 1.2
Total Page: 115

Model: MDA Compact V
Total Page: 116

Model: Vairy Touch II
Total Page: 117

Model: G2 Touch
Total Page: 118

Model: Vairy Text
Total Page: 119

Model: Tap
Total Page: 120

Model: Pulse Mini
Total Page: 121

Model: Pulse
Total Page: 122

Model: HD2
Total Page: 123

Model: myTouch 3G Fender Edition
Total Page: 124

Model: Garminfone
Total Page: 125

Model: myTouch 3G Slide
Total Page: 126
Brand: Sony Ericsson : URL: https://www.gsmarena.com/sony_ericsson-phones-f-19-0-p3.php
Brand Page: 3
Total Page: 127

Model: myTouch qwerty
Total Page: 128

Model: Dash
Total Page: 129

Model: Sidekick LX
Total Page: 130

Model: Sidekick 3
Total Page: 131

Model: Wing
Total Page: 132

Model: Sidekick
Total Page: 133

Model: Sidekick Slide
Total Page: 134

Model: MDA Compact IV
Total Page: 135

Model: MDA Vario IV
Total Page: 136

Model: MDA Basic
Total Page: 137

Model: G1
Total Page: 138

Model: Shadow
Total Page: 139

Model: Vairy Touch
Total Page: 140

Model: Sidekick LX 2009
Total Page: 141

Model: Shadow 2
Total Page: 142

Model: T250
Total Page: 143
Brand: Sony Ericsson : URL: https://www.gsmarena.com/sony_ericsson-phones-f-19-0-p4.php
Brand Page: 4
Total Page: 144

Model: J210
Total Page: 145

Model: W600
Total Page: 146

Model: Z520
Total Page: 147

Model: S600
Total Page: 148

Model: J220
Total Page: 149

Model: W550
Total Page: 150

Model: J230
Total Page: 151

Model: Z300
Total Page: 152

Model: J100
Total Page: 153

Model: K610
Total Page: 154

Model: W810
Total Page: 155

Model: W900
Total Page: 156

Model: M608
Total Page: 157

Model: M600
Total Page: 158

Model: W950
Total Page: 159

Model: K310
Total Page: 160

Model: Xperia Duo
Total Page: 161

Model: Z700
Total Page: 162

Model: P800
Total Page: 163

Model: T68i
Total Page: 164

Model: Windows Phone 7
Total Page: 165

Model: T200
Total Page: 166

Model: T300
Total Page: 167

Model: T600
Total Page: 168

Model: T100
Total Page: 169

Model: Z200
Total Page: 170

Model: T310
Total Page: 171

Model: T610
Total Page: 172

Model: T230
Total Page: 173

Model: Z1010
Total Page: 174

Model: T105
Total Page: 175

Model: Z600
Total Page: 176

Model: K700
Total Page: 177

Model: K500
Total Page: 178

Model: F500i
Total Page: 179

Model: S700
Total Page: 180

Model: P900
Total Page: 181

Model: T630
Total Page: 182

Model: Z500
Total Page: 183

Model: K508
Total Page: 184

Model: J200
Total Page: 185

Model: T290
Total Page: 186

Model: S710
Total Page: 187

Model: P910
Total Page: 188

Model: K300
Total Page: 189

Model: V800
Total Page: 190

Model: Z800
Total Page: 191

Model: K600
Total Page: 192

Model: D750
Total Page: 193

Model: V600
Total Page: 194

Model: J300
Total Page: 195

Model: K750
Total Page: 196

Model: W800
Total Page: 197

Model: K608
Total Page: 198

Model: K510
Total Page: 199

Model: P990
Total Page: 200

Model: Z530
Total Page: 201

Model: V630
Total Page: 202

Model: W300
Total Page: 203

Model: K790
Total Page: 204

Model: Z525
Total Page: 205

Model: Z550
Total Page: 206

Model: K800
Total Page: 207

Model: W700
Total Page: 208

Model: Z710
Total Page: 209

Model: K618
Total Page: 210

Model: W710
Total Page: 211

Model: W850
Total Page: 212

Model: W830
Total Page: 213

Model: Z558
Total Page: 214

Model: Z610
Total Page: 215

Model: K320
Total Page: 216

Model: Z310
Total Page: 217

Model: W888
Total Page: 218

Model: K205
Total Page: 219

Model: J120
Total Page: 220

Model: K200
Total Page: 221

Model: K550im
Total Page: 222

Model: J110
Total Page: 223

Model: W200
Total Page: 224

Model: K220
Total Page: 225

Model: Z750
Total Page: 226

Model: K550
Total Page: 227

Model: W580
Total Page: 228

Model: W880
Total Page: 229

Model: W660
Total Page: 230

Model: W610
Total Page: 231

Model: K810
Total Page: 232

Model: S500
Total Page: 233

Model: Z250
Total Page: 234

Model: P1
Total Page: 235

Model: V640
Total Page: 236

Model: Z320
Total Page: 237

Model: T650
Total Page: 238

Model: K530
Total Page: 239

Model: W910
Total Page: 240

Model: W960
Total Page: 241

Model: K770
Total Page: 242

Model: K850
Total Page: 243

Model: W380
Total Page: 244

Model: K660
Total Page: 245

Model: W890
Total Page: 246

Model: K630
Total Page: 247

Model: W350
Total Page: 248

Model: Z555
Total Page: 249

Model: W760
Total Page: 250

Model: R300 Radio
Total Page: 251

Model: T270
Total Page: 252

Model: R306 Radio
Total Page: 253

Model: T280
Total Page: 254

Model: Z770
Total Page: 255

Model: C702
Total Page: 256

Model: C902
Total Page: 257

Model: W980
Total Page: 258

Model: G900
Total Page: 259

Model: Xperia X1
Total Page: 260

Model: G700 Business Edition
Total Page: 261

Model: G700
Total Page: 262

Model: T303
Total Page: 263
