URL: https://www.gsmarena.com/makers.php3
Total Page: 1
Brand: Emporia : URL: https://www.gsmarena.com/emporia-phones-93.php
Brand Page: 1
Total Page: 2
Next Page not found
Brand: Eten : URL: https://www.gsmarena.com/eten-phones-40.php
Brand Page: 1
Total Page: 3
Brand: Coolpad : URL: https://www.gsmarena.com/coolpad-phones-105.php
Brand Page: 1
Total Page: 4
Next Page not found
Brand: Ericsson : URL: https://www.gsmarena.com/ericsson-phones-2.php
Brand Page: 1
Total Page: 5
Next Page not found
Brand: Dell : URL: https://www.gsmarena.com/dell-phones-61.php
Brand Page: 1
Total Page: 6
Next Page not found
Brand: Energizer : URL: https://www.gsmarena.com/energizer-phones-106.php
Brand Page: 1
Total Page: 7
Brand: Acer : URL: https://www.gsmarena.com/acer-phones-59.php
Brand Page: 1
Total Page: 8
Brand: Fujitsu Siemens : URL: https://www.gsmarena.com/fujitsu_siemens-phones-50.php
Brand Page: 1
Total Page: 9
Next Page not found
Brand: Casio : URL: https://www.gsmarena.com/casio-phones-77.php
Brand Page: 1
Total Page: 10
Next Page not found
Brand: Chea : URL: https://www.gsmarena.com/chea-phones-24.php
Brand Page: 1
Total Page: 11
Next Page not found
Brand: Bosch : URL: https://www.gsmarena.com/bosch-phones-10.php
Brand Page: 1
Total Page: 12
Next Page not found
Brand: Cat : URL: https://www.gsmarena.com/cat-phones-89.php
Brand Page: 1
Total Page: 13
Next Page not found
Brand: Celkon : URL: https://www.gsmarena.com/celkon-phones-75.php
Brand Page: 1
Total Page: 14
Brand: BQ : URL: https://www.gsmarena.com/bq-phones-108.php
Brand Page: 1
Total Page: 15
Next Page not found
Brand: BLU : URL: https://www.gsmarena.com/blu-phones-67.php
Brand Page: 1
Total Page: 16
Brand: Blackview : URL: https://www.gsmarena.com/blackview-phones-116.php
Brand Page: 1
Total Page: 17
Next Page not found
Brand: Yota : URL: https://www.gsmarena.com/yota-phones-99.php
Brand Page: 1
Total Page: 18
Next Page not found
Brand: ZTE : URL: https://www.gsmarena.com/zte-phones-62.php
Brand Page: 1
Total Page: 19
Brand: YU : URL: https://www.gsmarena.com/yu-phones-100.php
Brand Page: 1
Total Page: 20
Next Page not found
Brand: Xiaomi : URL: https://www.gsmarena.com/xiaomi-phones-80.php
Brand Page: 1
Total Page: 21
Brand: XCute : URL: https://www.gsmarena.com/xcute-phones-43.php
Brand Page: 1
Total Page: 22
Next Page not found
Brand: XOLO : URL: https://www.gsmarena.com/xolo-phones-85.php
Brand Page: 1
Total Page: 23
Brand: Energizer : URL: https://www.gsmarena.com/energizer-phones-f-106-0-p2.php
Brand Page: 2
Total Page: 24
Brand: Yezz : URL: https://www.gsmarena.com/yezz-phones-78.php
Brand Page: 1
Total Page: 25
Brand: Eten : URL: https://www.gsmarena.com/eten-phones-f-40-0-p2.php
Brand Page: 2
Total Page: 26
Brand: Acer : URL: https://www.gsmarena.com/acer-phones-f-59-0-p2.php
Brand Page: 2
Total Page: 27
Brand: WND : URL: https://www.gsmarena.com/wnd-phones-51.php
Brand Page: 1
Total Page: 28
Next Page not found
Brand: VK Mobile : URL: https://www.gsmarena.com/vk_mobile-phones-37.php
Brand Page: 1
Total Page: 29
Next Page not found
Brand: vivo : URL: https://www.gsmarena.com/vivo-phones-98.php
Brand Page: 1
Total Page: 30
Brand: Wiko : URL: https://www.gsmarena.com/wiko-phones-96.php
Brand Page: 1
Total Page: 31
Brand: verykool : URL: https://www.gsmarena.com/verykool-phones-70.php
Brand Page: 1
Total Page: 32
Brand: Vodafone : URL: https://www.gsmarena.com/vodafone-phones-53.php
Brand Page: 1
Total Page: 33

Model: A7 Pro
Total Page: 34

Model: A7
Total Page: 35
Brand: ZTE : URL: https://www.gsmarena.com/zte-phones-f-62-0-p2.php
Brand Page: 2
Total Page: 36

Model: A10
Total Page: 37

Model: P6000
Total Page: 38

Model: S8
Total Page: 39

Model: S6
Total Page: 40
Brand: BLU : URL: https://www.gsmarena.com/blu-phones-f-67-0-p2.php
Brand Page: 2
Total Page: 41
Brand: XOLO : URL: https://www.gsmarena.com/xolo-phones-f-85-0-p2.php
Brand Page: 2
Total Page: 42
Brand: Yezz : URL: https://www.gsmarena.com/yezz-phones-f-78-0-p2.php
Brand Page: 2
Total Page: 43
Brand: Xiaomi : URL: https://www.gsmarena.com/xiaomi-phones-f-80-0-p2.php
Brand Page: 2
Total Page: 44
Brand: Acer : URL: https://www.gsmarena.com/acer-phones-f-59-0-p3.php
Brand Page: 3
Total Page: 45

Model: C6L
Total Page: 46

Model: Studio X8 HD (2019)
Total Page: 47

Model: G9
Total Page: 48

Model: C5L
Total Page: 49
Brand: verykool : URL: https://www.gsmarena.com/verykool-phones-f-70-0-p2.php
Brand Page: 2
Total Page: 50

Model: s5001 Lotus
Total Page: 51
Brand: ZTE : URL: https://www.gsmarena.com/zte-phones-f-62-0-p3.php
Brand Page: 3
Total Page: 52
Brand: Vodafone : URL: https://www.gsmarena.com/vodafone-phones-f-53-0-p2.php
Brand Page: 2
Total Page: 53

Model: Smart 4 max
Total Page: 54

Model: Smart 4G
Total Page: 55
Brand: BLU : URL: https://www.gsmarena.com/blu-phones-f-67-0-p3.php
Brand Page: 3
Total Page: 56

Model: Smart 4 turbo
Total Page: 57

Model: Studio Pro
Total Page: 58

Model: s5020 Giant
Total Page: 59
Brand: Yezz : URL: https://www.gsmarena.com/yezz-phones-f-78-0-p3.php
Brand Page: 3
Total Page: 60
Brand: Xiaomi : URL: https://www.gsmarena.com/xiaomi-phones-f-80-0-p3.php
Brand Page: 3
Total Page: 61

Model: Grand XL LTE
Total Page: 62

Model: Touchbook M7
Total Page: 63

Model: S1
Total Page: 64

Model: C5 (2017)
Total Page: 65

Model: Grand M2
Total Page: 66
Brand: verykool : URL: https://www.gsmarena.com/verykool-phones-f-70-0-p3.php
Brand Page: 3
Total Page: 67

Model: C5 LTE
Total Page: 68
Brand: ZTE : URL: https://www.gsmarena.com/zte-phones-f-62-0-p4.php
Brand Page: 4
Total Page: 69

Model: i127
Total Page: 70

Model: s400
Total Page: 71
Brand: Vodafone : URL: https://www.gsmarena.com/vodafone-phones-f-53-0-p3.php
Brand Page: 3
Total Page: 72

Model: 345 Text
Total Page: 73
Brand: BLU : URL: https://www.gsmarena.com/blu-phones-f-67-0-p4.php
Brand Page: 4
Total Page: 74

Model: Studio G Plus HD
Total Page: 75

Model: Studio G Max
Total Page: 76

Model: Vivo 6
Total Page: 77
Brand: Xiaomi : URL: https://www.gsmarena.com/xiaomi-phones-f-80-0-p4.php
Brand Page: 4
Total Page: 78

Model: Dash G
Total Page: 79

Model: Studio XL2
Total Page: 80

Model: Dash XL
Total Page: 81
