URL: https://www.gsmarena.com/makers.php3
Total Page: 1
Brand: Acer : URL: https://www.gsmarena.com/acer-phones-59.php
Brand Page: 1
Total Page: 2
Brand: Google : URL: https://www.gsmarena.com/google-phones-107.php
Brand Page: 1
Total Page: 3
Next Page not found
Brand: Honor : URL: https://www.gsmarena.com/honor-phones-121.php
Brand Page: 1
Total Page: 4
Brand: Fujitsu Siemens : URL: https://www.gsmarena.com/fujitsu_siemens-phones-50.php
Brand Page: 1
Total Page: 5
Next Page not found
Brand: Garmin-Asus : URL: https://www.gsmarena.com/garmin_asus-phones-65.php
Brand Page: 1
Total Page: 6
Next Page not found
Brand: Haier : URL: https://www.gsmarena.com/haier-phones-33.php
Brand Page: 1
Total Page: 7
Brand: Gionee : URL: https://www.gsmarena.com/gionee-phones-92.php
Brand Page: 1
Total Page: 8
Brand: Eten : URL: https://www.gsmarena.com/eten-phones-40.php
Brand Page: 1
Total Page: 9
Brand: Ericsson : URL: https://www.gsmarena.com/ericsson-phones-2.php
Brand Page: 1
Total Page: 10
Next Page not found
Brand: Gigabyte : URL: https://www.gsmarena.com/gigabyte-phones-47.php
Brand Page: 1
Total Page: 11
Brand: Dell : URL: https://www.gsmarena.com/dell-phones-61.php
Brand Page: 1
Total Page: 12
Next Page not found
Brand: Energizer : URL: https://www.gsmarena.com/energizer-phones-106.php
Brand Page: 1
Total Page: 13
Brand: Coolpad : URL: https://www.gsmarena.com/coolpad-phones-105.php
Brand Page: 1
Total Page: 14
Next Page not found
Brand: Emporia : URL: https://www.gsmarena.com/emporia-phones-93.php
Brand Page: 1
Total Page: 15
Next Page not found
Brand: Chea : URL: https://www.gsmarena.com/chea-phones-24.php
Brand Page: 1
Total Page: 16
Next Page not found
Brand: ZTE : URL: https://www.gsmarena.com/zte-phones-62.php
Brand Page: 1
Total Page: 17
Brand: Yota : URL: https://www.gsmarena.com/yota-phones-99.php
Brand Page: 1
Total Page: 18
Next Page not found
Brand: YU : URL: https://www.gsmarena.com/yu-phones-100.php
Brand Page: 1
Total Page: 19
Next Page not found
Brand: Celkon : URL: https://www.gsmarena.com/celkon-phones-75.php
Brand Page: 1
Total Page: 20
Brand: Yezz : URL: https://www.gsmarena.com/yezz-phones-78.php
Brand Page: 1
Total Page: 21
Brand: Acer : URL: https://www.gsmarena.com/acer-phones-f-59-0-p2.php
Brand Page: 2
Total Page: 22

Model: Liquid Z530S
Total Page: 23

Model: Iconia Tab 10 A3-A30
Total Page: 24
Brand: Gionee : URL: https://www.gsmarena.com/gionee-phones-f-92-0-p2.php
Brand Page: 2
Total Page: 25

Model: P7
Total Page: 26

Model: A1 Plus
Total Page: 27
Brand: Eten : URL: https://www.gsmarena.com/eten-phones-f-40-0-p2.php
Brand Page: 2
Total Page: 28

Model: M6s Plus
Total Page: 29

Model: S10C
Total Page: 30

Model: S10B
Total Page: 31

Model: S10
Total Page: 32

Model: 198
Total Page: 33

Model: 188
Total Page: 34

Model: 178
Total Page: 35

Model: 208
Total Page: 36

Model: 218
Total Page: 37
Brand: Acer : URL: https://www.gsmarena.com/acer-phones-f-59-0-p3.php
Brand Page: 3
Total Page: 38
Brand: Yezz : URL: https://www.gsmarena.com/yezz-phones-f-78-0-p2.php
Brand Page: 2
Total Page: 39

Model: Millennia OCTA510
Total Page: 40

Model: Campus Buddy A404
Total Page: 41
Brand: ZTE : URL: https://www.gsmarena.com/zte-phones-f-62-0-p2.php
Brand Page: 2
Total Page: 42

Model: S96
Total Page: 43

Model: L800
Total Page: 44

Model: Pioneer P2S
Total Page: 45

Model: A355
Total Page: 46
Brand: Celkon : URL: https://www.gsmarena.com/celkon-phones-f-75-0-p2.php
Brand Page: 2
Total Page: 47

Model: Pioneer P3S
Total Page: 48

Model: Pioneer P2M
Total Page: 49

Model: Elife S7
Total Page: 50

Model: Marathon M5
Total Page: 51

Model: Pioneer P4S
Total Page: 52

Model: S5.1 Pro
Total Page: 53
Brand: Yezz : URL: https://www.gsmarena.com/yezz-phones-f-78-0-p3.php
Brand Page: 3
Total Page: 54
Brand: ZTE : URL: https://www.gsmarena.com/zte-phones-f-62-0-p3.php
Brand Page: 3
Total Page: 55

Model: Q405
Total Page: 56

Model: Q450
Total Page: 57

Model: A518
Total Page: 58

Model: Marathon M4
Total Page: 59

Model: A359
Total Page: 60

Model: A407
Total Page: 61

Model: Q519
Total Page: 62

Model: Q54+
Total Page: 63

Model: Q5K Power
Total Page: 64

Model: A402
Total Page: 65

Model: Q452
Total Page: 66
Brand: Celkon : URL: https://www.gsmarena.com/celkon-phones-f-75-0-p3.php
Brand Page: 3
Total Page: 67

Model: C340
Total Page: 68

Model: C348+
Total Page: 69

Model: C51
Total Page: 70

Model: C619
Total Page: 71

Model: C366
Total Page: 72
Brand: ZTE : URL: https://www.gsmarena.com/zte-phones-f-62-0-p4.php
Brand Page: 4
Total Page: 73

Model: C44 Duos
Total Page: 74

Model: C6 Star
Total Page: 75

Model: C9 Jumbo
Total Page: 76

Model: C7 Jumbo
Total Page: 77

Model: C5055
Total Page: 78

Model: C7010
Total Page: 79

Model: Q3K Power
Total Page: 80

Model: A35k
Total Page: 81

Model: Q3000
Total Page: 82

Model: A125
Total Page: 83
Brand: Celkon : URL: https://www.gsmarena.com/celkon-phones-f-75-0-p4.php
Brand Page: 4
Total Page: 84

Model: 2GB Xpress
Total Page: 85

Model: A35k Remote
Total Page: 86

Model: Q455L
Total Page: 87

Model: Millennia Hero
Total Page: 88
Brand: ZTE : URL: https://www.gsmarena.com/zte-phones-f-62-0-p5.php
Brand Page: 5
Total Page: 89

Model: Millennia Everest
Total Page: 90

Model: Millennia Xplore
Total Page: 91

Model: 228
Total Page: 92

Model: A403
Total Page: 93

Model: 308
Total Page: 94

Model: Campus Prime
Total Page: 95

Model: 328
Total Page: 96

Model: A90
Total Page: 97

Model: JMS-110
Total Page: 98

Model: 318
Total Page: 99
Brand: Gigabyte : URL: https://www.gsmarena.com/gigabyte-phones-f-47-0-p2.php
Brand Page: 2
Total Page: 100
Brand: Energizer : URL: https://www.gsmarena.com/energizer-phones-f-106-0-p2.php
Brand Page: 2
Total Page: 101
Brand: Celkon : URL: https://www.gsmarena.com/celkon-phones-f-75-0-p5.php
Brand Page: 5
Total Page: 102

Model: A1 Lite
Total Page: 103

Model: X1s
Total Page: 104

Model: P8 Max
Total Page: 105

Model: M7
Total Page: 106

Model: X1
Total Page: 107
Brand: ZTE : URL: https://www.gsmarena.com/zte-phones-f-62-0-p6.php
Brand Page: 6
Total Page: 108

Model: M7 Power
Total Page: 109

Model: S11 lite
Total Page: 110

Model: M7 Plus
Total Page: 111

Model: S11
Total Page: 112

Model: A66
Total Page: 113
Brand: Haier : URL: https://www.gsmarena.com/haier-phones-f-33-0-p2.php
Brand Page: 2
Total Page: 114

Model: U53
Total Page: 115

Model: V730
Total Page: 116

Model: S11S
Total Page: 117

Model: K3
Total Page: 118

Model: F205
Total Page: 119
Brand: Celkon : URL: https://www.gsmarena.com/celkon-phones-f-75-0-p6.php
Brand Page: 6
Total Page: 120

Model: U69
Total Page: 121

Model: L7
Total Page: 122

Model: U56
Total Page: 123

Model: U60
Total Page: 124

Model: G7
Total Page: 125

Model: G51
Total Page: 126

Model: I6
Total Page: 127
Brand: ZTE : URL: https://www.gsmarena.com/zte-phones-f-62-0-p7.php
Brand Page: 7
Total Page: 128
Brand: Honor : URL: https://www.gsmarena.com/honor-phones-f-121-0-p2.php
Brand Page: 2
Total Page: 129

Model: Hurricane
Total Page: 130

Model: G8
Total Page: 131

Model: 20S
Total Page: 132

Model: L8
Total Page: 133

Model: C300
Total Page: 134

Model: 9X Pro
Total Page: 135
Brand: Haier : URL: https://www.gsmarena.com/haier-phones-f-33-0-p3.php
Brand Page: 3
Total Page: 136

Model: M1200
Total Page: 137

Model: M1000
Total Page: 138

Model: M1100
Total Page: 139

Model: A600
Total Page: 140

Model: P8
Total Page: 141

Model: M600 Black Pearl
Total Page: 142

Model: A7
Total Page: 143

Model: M2000
Total Page: 144
